2022-03-29 10:40:55 |[048]options.py  | Create directory: ./experiment
2022-03-29 10:40:55 |[048]options.py  | Create directory: ./experiment/qsrm_x4
2022-03-29 10:40:55 |[048]options.py  | Create directory: ./experiment/qsrm_x4/best_status
2022-03-29 10:40:55 |[048]options.py  | Create directory: ./experiment/qsrm_x4/visual
2022-03-29 10:40:55 |[057]options.py  | Available gpu: 0
2022-03-29 10:49:19 |[041]options.py  | Remove dir: [./experiment/qsrm_x4]
2022-03-29 10:49:19 |[048]options.py  | Create directory: ./experiment/qsrm_x4
2022-03-29 10:49:19 |[048]options.py  | Create directory: ./experiment/qsrm_x4/best_status
2022-03-29 10:49:19 |[048]options.py  | Create directory: ./experiment/qsrm_x4/visual
2022-03-29 10:49:19 |[057]options.py  | Available gpu: 0
2022-03-29 10:49:19 |[043]train.py    | Remove dir: [Tensorboard/qsrm_x4]
2022-03-29 10:51:40 |[048]train.py    | Create train dataset successfully!
2022-03-29 10:51:40 |[049]train.py    | Training: [10093] iterations for each epoch
2022-03-29 10:51:40 |[052]train.py    | Create val dataset successfully!
2022-03-29 10:51:40 |[053]train.py    | Validating: [898] iterations for each epoch
2022-03-29 10:51:40 |[056]train.py    | Preparing for experiment: [qsrm_x4]
2022-03-29 10:51:42 |[073]solver.py   | Create model successfully! Params: [62.05]K
2022-03-29 10:51:42 |[060]train.py    | Start training...
2022-03-29 11:39:05 |[041]options.py  | Remove dir: [./experiment/qsrm_x4]
2022-03-29 11:39:05 |[048]options.py  | Create directory: ./experiment/qsrm_x4
2022-03-29 11:39:05 |[048]options.py  | Create directory: ./experiment/qsrm_x4/best_status
2022-03-29 11:39:05 |[048]options.py  | Create directory: ./experiment/qsrm_x4/visual
2022-03-29 11:39:05 |[057]options.py  | Available gpu: 0
2022-03-29 11:39:05 |[043]train.py    | Remove dir: [Tensorboard/qsrm_x4]
2022-03-29 11:39:05 |[048]train.py    | Create train dataset successfully!
2022-03-29 11:39:05 |[049]train.py    | Training: [10093] iterations for each epoch
2022-03-29 11:39:05 |[052]train.py    | Create val dataset successfully!
2022-03-29 11:39:05 |[053]train.py    | Validating: [898] iterations for each epoch
2022-03-29 11:39:05 |[056]train.py    | Preparing for experiment: [qsrm_x4]
2022-03-29 11:39:06 |[097]solver.py   | Create model successfully! Params: [62.05]K
2022-03-29 11:39:06 |[060]train.py    | Start training...
2022-03-29 11:43:31 |[191]solver.py   | Epoch:    0 | PSNR: 27.25 | Loss: 6.7949 | lr: 1.00e-03 | Best_PSNR: 27.25 in Epoch [0]
2022-03-29 11:47:55 |[191]solver.py   | Epoch:    1 | PSNR: 27.33 | Loss: 6.4956 | lr: 1.00e-03 | Best_PSNR: 27.33 in Epoch [1]
2022-03-29 11:52:17 |[191]solver.py   | Epoch:    2 | PSNR: 27.39 | Loss: 6.4447 | lr: 1.00e-03 | Best_PSNR: 27.39 in Epoch [2]
2022-03-29 11:56:42 |[191]solver.py   | Epoch:    3 | PSNR: 27.39 | Loss: 6.4023 | lr: 1.00e-03 | Best_PSNR: 27.39 in Epoch [2]
2022-03-29 12:01:05 |[191]solver.py   | Epoch:    4 | PSNR: 27.38 | Loss: 6.3757 | lr: 1.00e-03 | Best_PSNR: 27.39 in Epoch [2]
2022-03-29 12:05:30 |[191]solver.py   | Epoch:    5 | PSNR: 27.42 | Loss: 6.3712 | lr: 1.00e-03 | Best_PSNR: 27.42 in Epoch [5]
2022-03-29 12:09:52 |[191]solver.py   | Epoch:    6 | PSNR: 27.46 | Loss: 6.3665 | lr: 1.00e-03 | Best_PSNR: 27.46 in Epoch [6]
2022-03-29 12:14:13 |[191]solver.py   | Epoch:    7 | PSNR: 27.39 | Loss: 6.3653 | lr: 1.00e-03 | Best_PSNR: 27.46 in Epoch [6]
2022-03-29 12:18:34 |[191]solver.py   | Epoch:    8 | PSNR: 27.46 | Loss: 6.3489 | lr: 1.00e-03 | Best_PSNR: 27.46 in Epoch [6]
2022-03-29 12:22:53 |[191]solver.py   | Epoch:    9 | PSNR: 27.47 | Loss: 6.3261 | lr: 1.00e-03 | Best_PSNR: 27.47 in Epoch [9]
2022-03-29 12:27:12 |[191]solver.py   | Epoch:   10 | PSNR: 27.47 | Loss: 6.3316 | lr: 1.00e-03 | Best_PSNR: 27.47 in Epoch [9]
2022-03-29 12:31:31 |[191]solver.py   | Epoch:   11 | PSNR: 27.45 | Loss: 6.3097 | lr: 1.00e-03 | Best_PSNR: 27.47 in Epoch [9]
2022-03-29 12:35:51 |[191]solver.py   | Epoch:   12 | PSNR: 27.44 | Loss: 6.3227 | lr: 1.00e-03 | Best_PSNR: 27.47 in Epoch [9]
2022-03-29 12:40:11 |[191]solver.py   | Epoch:   13 | PSNR: 27.47 | Loss: 6.3030 | lr: 1.00e-03 | Best_PSNR: 27.47 in Epoch [13]
2022-03-29 12:44:30 |[191]solver.py   | Epoch:   14 | PSNR: 27.46 | Loss: 6.3099 | lr: 1.00e-03 | Best_PSNR: 27.47 in Epoch [13]
2022-03-29 12:48:51 |[191]solver.py   | Epoch:   15 | PSNR: 27.46 | Loss: 6.3122 | lr: 1.00e-03 | Best_PSNR: 27.47 in Epoch [13]
2022-03-29 12:53:13 |[191]solver.py   | Epoch:   16 | PSNR: 27.49 | Loss: 6.3034 | lr: 1.00e-03 | Best_PSNR: 27.49 in Epoch [16]
2022-03-29 12:57:34 |[191]solver.py   | Epoch:   17 | PSNR: 27.50 | Loss: 6.3055 | lr: 1.00e-03 | Best_PSNR: 27.50 in Epoch [17]
2022-03-29 13:01:55 |[191]solver.py   | Epoch:   18 | PSNR: 27.46 | Loss: 6.2838 | lr: 1.00e-03 | Best_PSNR: 27.50 in Epoch [17]
2022-03-29 13:06:17 |[191]solver.py   | Epoch:   19 | PSNR: 27.50 | Loss: 6.2856 | lr: 1.00e-03 | Best_PSNR: 27.50 in Epoch [19]
2022-03-29 13:10:39 |[191]solver.py   | Epoch:   20 | PSNR: 27.44 | Loss: 6.3012 | lr: 1.00e-03 | Best_PSNR: 27.50 in Epoch [19]
2022-03-29 13:14:58 |[191]solver.py   | Epoch:   21 | PSNR: 27.50 | Loss: 6.2973 | lr: 1.00e-03 | Best_PSNR: 27.50 in Epoch [19]
2022-03-29 13:19:18 |[191]solver.py   | Epoch:   22 | PSNR: 27.46 | Loss: 6.2828 | lr: 1.00e-03 | Best_PSNR: 27.50 in Epoch [19]
2022-03-29 13:23:42 |[191]solver.py   | Epoch:   23 | PSNR: 27.48 | Loss: 6.2693 | lr: 1.00e-03 | Best_PSNR: 27.50 in Epoch [19]
2022-03-29 13:28:03 |[191]solver.py   | Epoch:   24 | PSNR: 27.43 | Loss: 6.2922 | lr: 1.00e-03 | Best_PSNR: 27.50 in Epoch [19]
2022-03-29 13:32:34 |[191]solver.py   | Epoch:   25 | PSNR: 27.44 | Loss: 6.2677 | lr: 1.00e-03 | Best_PSNR: 27.50 in Epoch [19]
2022-03-29 13:36:57 |[191]solver.py   | Epoch:   26 | PSNR: 27.52 | Loss: 6.2817 | lr: 1.00e-03 | Best_PSNR: 27.52 in Epoch [26]
2022-03-29 13:41:17 |[191]solver.py   | Epoch:   27 | PSNR: 27.47 | Loss: 6.2782 | lr: 1.00e-03 | Best_PSNR: 27.52 in Epoch [26]
2022-03-29 13:45:45 |[191]solver.py   | Epoch:   28 | PSNR: 27.46 | Loss: 6.2683 | lr: 1.00e-03 | Best_PSNR: 27.52 in Epoch [26]
2022-03-29 13:50:06 |[191]solver.py   | Epoch:   29 | PSNR: 27.52 | Loss: 6.2796 | lr: 1.00e-03 | Best_PSNR: 27.52 in Epoch [26]
2022-03-29 13:54:24 |[191]solver.py   | Epoch:   30 | PSNR: 27.38 | Loss: 6.2746 | lr: 1.00e-03 | Best_PSNR: 27.52 in Epoch [26]
2022-03-29 13:58:44 |[191]solver.py   | Epoch:   31 | PSNR: 27.46 | Loss: 6.2752 | lr: 1.00e-03 | Best_PSNR: 27.52 in Epoch [26]
2022-03-29 14:03:04 |[191]solver.py   | Epoch:   32 | PSNR: 27.44 | Loss: 6.2659 | lr: 1.00e-03 | Best_PSNR: 27.52 in Epoch [26]
2022-03-29 14:07:24 |[191]solver.py   | Epoch:   33 | PSNR: 27.50 | Loss: 6.2635 | lr: 1.00e-03 | Best_PSNR: 27.52 in Epoch [26]
2022-03-29 14:11:42 |[191]solver.py   | Epoch:   34 | PSNR: 27.50 | Loss: 6.2622 | lr: 1.00e-03 | Best_PSNR: 27.52 in Epoch [26]
2022-03-29 14:16:02 |[191]solver.py   | Epoch:   35 | PSNR: 27.46 | Loss: 6.2599 | lr: 1.00e-03 | Best_PSNR: 27.52 in Epoch [26]
2022-03-29 14:20:23 |[191]solver.py   | Epoch:   36 | PSNR: 27.52 | Loss: 6.2697 | lr: 1.00e-03 | Best_PSNR: 27.52 in Epoch [26]
2022-03-29 14:24:43 |[191]solver.py   | Epoch:   37 | PSNR: 27.51 | Loss: 6.2629 | lr: 1.00e-03 | Best_PSNR: 27.52 in Epoch [26]
2022-03-29 14:29:04 |[191]solver.py   | Epoch:   38 | PSNR: 27.52 | Loss: 6.2474 | lr: 1.00e-03 | Best_PSNR: 27.52 in Epoch [38]
2022-03-29 14:33:24 |[191]solver.py   | Epoch:   39 | PSNR: 27.47 | Loss: 6.2629 | lr: 1.00e-03 | Best_PSNR: 27.52 in Epoch [38]
2022-03-29 14:37:43 |[191]solver.py   | Epoch:   40 | PSNR: 27.46 | Loss: 6.2595 | lr: 1.00e-03 | Best_PSNR: 27.52 in Epoch [38]
2022-03-29 14:42:02 |[191]solver.py   | Epoch:   41 | PSNR: 27.45 | Loss: 6.2785 | lr: 1.00e-03 | Best_PSNR: 27.52 in Epoch [38]
2022-03-29 14:46:23 |[191]solver.py   | Epoch:   42 | PSNR: 27.44 | Loss: 6.2546 | lr: 1.00e-03 | Best_PSNR: 27.52 in Epoch [38]
2022-03-29 14:50:38 |[191]solver.py   | Epoch:   43 | PSNR: 27.50 | Loss: 6.2608 | lr: 1.00e-03 | Best_PSNR: 27.52 in Epoch [38]
2022-03-29 14:54:59 |[191]solver.py   | Epoch:   44 | PSNR: 27.48 | Loss: 6.2561 | lr: 1.00e-03 | Best_PSNR: 27.52 in Epoch [38]
2022-03-29 14:59:20 |[191]solver.py   | Epoch:   45 | PSNR: 27.52 | Loss: 6.2710 | lr: 1.00e-03 | Best_PSNR: 27.52 in Epoch [38]
2022-03-29 15:03:41 |[191]solver.py   | Epoch:   46 | PSNR: 27.45 | Loss: 6.2647 | lr: 1.00e-03 | Best_PSNR: 27.52 in Epoch [38]
2022-03-29 15:08:01 |[191]solver.py   | Epoch:   47 | PSNR: 27.45 | Loss: 6.2468 | lr: 1.00e-03 | Best_PSNR: 27.52 in Epoch [38]
2022-03-29 15:12:17 |[191]solver.py   | Epoch:   48 | PSNR: 27.45 | Loss: 6.2534 | lr: 1.00e-03 | Best_PSNR: 27.52 in Epoch [38]
2022-03-29 15:16:36 |[191]solver.py   | Epoch:   49 | PSNR: 27.50 | Loss: 6.2581 | lr: 1.00e-03 | Best_PSNR: 27.52 in Epoch [38]
2022-03-29 15:20:57 |[191]solver.py   | Epoch:   50 | PSNR: 27.53 | Loss: 6.2737 | lr: 1.00e-03 | Best_PSNR: 27.53 in Epoch [50]
2022-03-29 15:25:18 |[191]solver.py   | Epoch:   51 | PSNR: 27.53 | Loss: 6.2695 | lr: 1.00e-03 | Best_PSNR: 27.53 in Epoch [51]
2022-03-29 15:29:38 |[191]solver.py   | Epoch:   52 | PSNR: 27.47 | Loss: 6.2646 | lr: 1.00e-03 | Best_PSNR: 27.53 in Epoch [51]
2022-03-29 15:33:56 |[191]solver.py   | Epoch:   53 | PSNR: 27.42 | Loss: 6.2578 | lr: 1.00e-03 | Best_PSNR: 27.53 in Epoch [51]
2022-03-29 15:38:15 |[191]solver.py   | Epoch:   54 | PSNR: 27.43 | Loss: 6.2500 | lr: 1.00e-03 | Best_PSNR: 27.53 in Epoch [51]
2022-03-29 15:42:33 |[191]solver.py   | Epoch:   55 | PSNR: 27.52 | Loss: 6.2542 | lr: 1.00e-03 | Best_PSNR: 27.53 in Epoch [51]
2022-03-29 15:46:52 |[191]solver.py   | Epoch:   56 | PSNR: 27.46 | Loss: 6.2796 | lr: 1.00e-03 | Best_PSNR: 27.53 in Epoch [51]
2022-03-29 15:51:12 |[191]solver.py   | Epoch:   57 | PSNR: 27.50 | Loss: 6.2621 | lr: 1.00e-03 | Best_PSNR: 27.53 in Epoch [51]
2022-03-29 15:55:31 |[191]solver.py   | Epoch:   58 | PSNR: 27.51 | Loss: 6.2549 | lr: 1.00e-03 | Best_PSNR: 27.53 in Epoch [51]
2022-03-29 15:59:51 |[191]solver.py   | Epoch:   59 | PSNR: 27.45 | Loss: 6.2617 | lr: 1.00e-03 | Best_PSNR: 27.53 in Epoch [51]
2022-03-29 16:04:09 |[191]solver.py   | Epoch:   60 | PSNR: 27.45 | Loss: 6.2532 | lr: 1.00e-03 | Best_PSNR: 27.53 in Epoch [51]
2022-03-29 16:08:29 |[191]solver.py   | Epoch:   61 | PSNR: 27.46 | Loss: 6.2486 | lr: 1.00e-03 | Best_PSNR: 27.53 in Epoch [51]
2022-03-29 16:12:47 |[191]solver.py   | Epoch:   62 | PSNR: 27.53 | Loss: 6.2686 | lr: 1.00e-03 | Best_PSNR: 27.53 in Epoch [51]
2022-03-29 16:17:06 |[191]solver.py   | Epoch:   63 | PSNR: 27.51 | Loss: 6.2555 | lr: 1.00e-03 | Best_PSNR: 27.53 in Epoch [51]
2022-03-29 16:21:22 |[191]solver.py   | Epoch:   64 | PSNR: 27.48 | Loss: 6.2467 | lr: 1.00e-03 | Best_PSNR: 27.53 in Epoch [51]
2022-03-29 16:25:41 |[191]solver.py   | Epoch:   65 | PSNR: 27.53 | Loss: 6.2469 | lr: 1.00e-03 | Best_PSNR: 27.53 in Epoch [51]
2022-03-29 16:30:00 |[191]solver.py   | Epoch:   66 | PSNR: 27.50 | Loss: 6.2664 | lr: 1.00e-03 | Best_PSNR: 27.53 in Epoch [51]
2022-03-29 16:34:18 |[191]solver.py   | Epoch:   67 | PSNR: 27.50 | Loss: 6.2507 | lr: 1.00e-03 | Best_PSNR: 27.53 in Epoch [51]
2022-03-29 16:38:39 |[191]solver.py   | Epoch:   68 | PSNR: 27.54 | Loss: 6.2518 | lr: 1.00e-03 | Best_PSNR: 27.54 in Epoch [68]
2022-03-29 16:43:02 |[191]solver.py   | Epoch:   69 | PSNR: 27.52 | Loss: 6.2651 | lr: 1.00e-03 | Best_PSNR: 27.54 in Epoch [68]
2022-03-29 16:47:19 |[191]solver.py   | Epoch:   70 | PSNR: 27.51 | Loss: 6.2389 | lr: 1.00e-03 | Best_PSNR: 27.54 in Epoch [68]
2022-03-29 16:51:38 |[191]solver.py   | Epoch:   71 | PSNR: 27.32 | Loss: 6.2452 | lr: 1.00e-03 | Best_PSNR: 27.54 in Epoch [68]
2022-03-29 16:55:59 |[191]solver.py   | Epoch:   72 | PSNR: 27.45 | Loss: 6.2519 | lr: 1.00e-03 | Best_PSNR: 27.54 in Epoch [68]
2022-03-29 17:00:18 |[191]solver.py   | Epoch:   73 | PSNR: 27.52 | Loss: 6.2450 | lr: 1.00e-03 | Best_PSNR: 27.54 in Epoch [68]
2022-03-29 17:04:37 |[191]solver.py   | Epoch:   74 | PSNR: 27.44 | Loss: 6.2406 | lr: 1.00e-03 | Best_PSNR: 27.54 in Epoch [68]
2022-03-29 17:08:57 |[191]solver.py   | Epoch:   75 | PSNR: 27.50 | Loss: 6.2492 | lr: 1.00e-03 | Best_PSNR: 27.54 in Epoch [68]
2022-03-29 17:13:17 |[191]solver.py   | Epoch:   76 | PSNR: 27.53 | Loss: 6.2495 | lr: 1.00e-03 | Best_PSNR: 27.54 in Epoch [68]
2022-03-29 17:17:39 |[191]solver.py   | Epoch:   77 | PSNR: 27.51 | Loss: 6.2609 | lr: 1.00e-03 | Best_PSNR: 27.54 in Epoch [68]
2022-03-29 17:21:58 |[191]solver.py   | Epoch:   78 | PSNR: 27.52 | Loss: 6.2557 | lr: 1.00e-03 | Best_PSNR: 27.54 in Epoch [68]
2022-03-29 17:26:18 |[191]solver.py   | Epoch:   79 | PSNR: 27.51 | Loss: 6.2325 | lr: 1.00e-03 | Best_PSNR: 27.54 in Epoch [68]
2022-03-29 17:30:39 |[191]solver.py   | Epoch:   80 | PSNR: 27.52 | Loss: 6.2456 | lr: 1.00e-03 | Best_PSNR: 27.54 in Epoch [68]
2022-03-29 17:34:59 |[191]solver.py   | Epoch:   81 | PSNR: 27.47 | Loss: 6.2719 | lr: 1.00e-03 | Best_PSNR: 27.54 in Epoch [68]
2022-03-29 17:39:17 |[191]solver.py   | Epoch:   82 | PSNR: 27.47 | Loss: 6.2611 | lr: 1.00e-03 | Best_PSNR: 27.54 in Epoch [68]
2022-03-29 17:43:36 |[191]solver.py   | Epoch:   83 | PSNR: 27.53 | Loss: 6.2385 | lr: 1.00e-03 | Best_PSNR: 27.54 in Epoch [68]
2022-03-29 17:47:56 |[191]solver.py   | Epoch:   84 | PSNR: 27.50 | Loss: 6.2507 | lr: 1.00e-03 | Best_PSNR: 27.54 in Epoch [68]
2022-03-29 17:52:15 |[191]solver.py   | Epoch:   85 | PSNR: 27.50 | Loss: 6.2472 | lr: 1.00e-03 | Best_PSNR: 27.54 in Epoch [68]
2022-03-29 17:56:35 |[191]solver.py   | Epoch:   86 | PSNR: 27.55 | Loss: 6.2482 | lr: 1.00e-03 | Best_PSNR: 27.55 in Epoch [86]
2022-03-29 18:00:55 |[191]solver.py   | Epoch:   87 | PSNR: 27.46 | Loss: 6.2507 | lr: 1.00e-03 | Best_PSNR: 27.55 in Epoch [86]
2022-03-29 18:05:14 |[191]solver.py   | Epoch:   88 | PSNR: 27.55 | Loss: 6.2646 | lr: 1.00e-03 | Best_PSNR: 27.55 in Epoch [86]
2022-03-29 18:09:33 |[191]solver.py   | Epoch:   89 | PSNR: 27.53 | Loss: 6.2511 | lr: 1.00e-03 | Best_PSNR: 27.55 in Epoch [86]
2022-03-29 18:13:53 |[191]solver.py   | Epoch:   90 | PSNR: 27.47 | Loss: 6.2520 | lr: 1.00e-03 | Best_PSNR: 27.55 in Epoch [86]
2022-03-29 18:18:11 |[191]solver.py   | Epoch:   91 | PSNR: 27.43 | Loss: 6.2617 | lr: 1.00e-03 | Best_PSNR: 27.55 in Epoch [86]
2022-03-29 18:22:31 |[191]solver.py   | Epoch:   92 | PSNR: 27.54 | Loss: 6.2396 | lr: 1.00e-03 | Best_PSNR: 27.55 in Epoch [86]
2022-03-29 18:26:49 |[191]solver.py   | Epoch:   93 | PSNR: 27.50 | Loss: 6.2481 | lr: 1.00e-03 | Best_PSNR: 27.55 in Epoch [86]
2022-03-29 18:31:08 |[191]solver.py   | Epoch:   94 | PSNR: 27.50 | Loss: 6.2435 | lr: 1.00e-03 | Best_PSNR: 27.55 in Epoch [86]
2022-03-29 18:35:27 |[191]solver.py   | Epoch:   95 | PSNR: 27.50 | Loss: 6.2444 | lr: 1.00e-03 | Best_PSNR: 27.55 in Epoch [86]
2022-03-29 18:39:47 |[191]solver.py   | Epoch:   96 | PSNR: 27.48 | Loss: 6.2451 | lr: 1.00e-03 | Best_PSNR: 27.55 in Epoch [86]
2022-03-29 18:44:06 |[191]solver.py   | Epoch:   97 | PSNR: 27.46 | Loss: 6.2746 | lr: 1.00e-03 | Best_PSNR: 27.55 in Epoch [86]
2022-03-29 18:48:27 |[191]solver.py   | Epoch:   98 | PSNR: 27.50 | Loss: 6.2448 | lr: 1.00e-03 | Best_PSNR: 27.55 in Epoch [86]
2022-03-29 18:52:46 |[191]solver.py   | Epoch:   99 | PSNR: 27.47 | Loss: 6.2392 | lr: 1.00e-03 | Best_PSNR: 27.55 in Epoch [86]
2022-03-29 18:57:07 |[191]solver.py   | Epoch:  100 | PSNR: 27.55 | Loss: 6.2498 | lr: 1.00e-03 | Best_PSNR: 27.55 in Epoch [86]
2022-03-29 19:01:30 |[191]solver.py   | Epoch:  101 | PSNR: 27.55 | Loss: 6.2647 | lr: 1.00e-03 | Best_PSNR: 27.55 in Epoch [86]
2022-03-29 19:05:52 |[191]solver.py   | Epoch:  102 | PSNR: 27.50 | Loss: 6.2338 | lr: 1.00e-03 | Best_PSNR: 27.55 in Epoch [86]
2022-03-29 19:10:11 |[191]solver.py   | Epoch:  103 | PSNR: 27.50 | Loss: 6.2425 | lr: 1.00e-03 | Best_PSNR: 27.55 in Epoch [86]
2022-03-29 19:14:30 |[191]solver.py   | Epoch:  104 | PSNR: 27.52 | Loss: 6.2573 | lr: 1.00e-03 | Best_PSNR: 27.55 in Epoch [86]
2022-03-29 19:18:49 |[191]solver.py   | Epoch:  105 | PSNR: 27.52 | Loss: 6.2548 | lr: 1.00e-03 | Best_PSNR: 27.55 in Epoch [86]
2022-03-29 19:23:09 |[191]solver.py   | Epoch:  106 | PSNR: 27.54 | Loss: 6.2607 | lr: 1.00e-03 | Best_PSNR: 27.55 in Epoch [86]
2022-03-29 19:27:27 |[191]solver.py   | Epoch:  107 | PSNR: 27.53 | Loss: 6.2427 | lr: 1.00e-03 | Best_PSNR: 27.55 in Epoch [86]
2022-03-29 19:31:47 |[191]solver.py   | Epoch:  108 | PSNR: 27.51 | Loss: 6.2552 | lr: 1.00e-03 | Best_PSNR: 27.55 in Epoch [86]
2022-03-29 19:36:08 |[191]solver.py   | Epoch:  109 | PSNR: 27.50 | Loss: 6.2474 | lr: 1.00e-03 | Best_PSNR: 27.55 in Epoch [86]
2022-03-29 19:40:28 |[191]solver.py   | Epoch:  110 | PSNR: 27.49 | Loss: 6.2422 | lr: 1.00e-03 | Best_PSNR: 27.55 in Epoch [86]
2022-03-29 19:44:47 |[191]solver.py   | Epoch:  111 | PSNR: 27.54 | Loss: 6.2531 | lr: 1.00e-03 | Best_PSNR: 27.55 in Epoch [86]
2022-03-29 19:49:06 |[191]solver.py   | Epoch:  112 | PSNR: 27.55 | Loss: 6.2571 | lr: 1.00e-03 | Best_PSNR: 27.55 in Epoch [86]
2022-03-29 19:53:28 |[191]solver.py   | Epoch:  113 | PSNR: 27.48 | Loss: 6.2501 | lr: 1.00e-03 | Best_PSNR: 27.55 in Epoch [86]
2022-03-29 19:57:48 |[191]solver.py   | Epoch:  114 | PSNR: 27.55 | Loss: 6.2567 | lr: 1.00e-03 | Best_PSNR: 27.55 in Epoch [86]
2022-03-29 20:02:08 |[191]solver.py   | Epoch:  115 | PSNR: 27.57 | Loss: 6.2459 | lr: 1.00e-03 | Best_PSNR: 27.57 in Epoch [115]
2022-03-29 20:06:29 |[191]solver.py   | Epoch:  116 | PSNR: 27.52 | Loss: 6.2587 | lr: 1.00e-03 | Best_PSNR: 27.57 in Epoch [115]
2022-03-29 20:10:48 |[191]solver.py   | Epoch:  117 | PSNR: 27.53 | Loss: 6.2485 | lr: 1.00e-03 | Best_PSNR: 27.57 in Epoch [115]
2022-03-29 20:15:07 |[191]solver.py   | Epoch:  118 | PSNR: 27.53 | Loss: 6.2499 | lr: 1.00e-03 | Best_PSNR: 27.57 in Epoch [115]
2022-03-29 20:19:27 |[191]solver.py   | Epoch:  119 | PSNR: 27.56 | Loss: 6.2458 | lr: 1.00e-03 | Best_PSNR: 27.57 in Epoch [115]
2022-03-29 20:23:48 |[191]solver.py   | Epoch:  120 | PSNR: 27.54 | Loss: 6.1978 | lr: 5.00e-04 | Best_PSNR: 27.57 in Epoch [115]
2022-03-29 20:28:07 |[191]solver.py   | Epoch:  121 | PSNR: 27.56 | Loss: 6.1908 | lr: 5.00e-04 | Best_PSNR: 27.57 in Epoch [115]
2022-03-29 20:32:25 |[191]solver.py   | Epoch:  122 | PSNR: 27.55 | Loss: 6.1961 | lr: 5.00e-04 | Best_PSNR: 27.57 in Epoch [115]
2022-03-29 20:36:42 |[191]solver.py   | Epoch:  123 | PSNR: 27.56 | Loss: 6.2015 | lr: 5.00e-04 | Best_PSNR: 27.57 in Epoch [115]
2022-03-29 20:40:58 |[191]solver.py   | Epoch:  124 | PSNR: 27.56 | Loss: 6.1961 | lr: 5.00e-04 | Best_PSNR: 27.57 in Epoch [115]
2022-03-29 20:45:14 |[191]solver.py   | Epoch:  125 | PSNR: 27.51 | Loss: 6.1868 | lr: 5.00e-04 | Best_PSNR: 27.57 in Epoch [115]
2022-03-29 20:49:35 |[191]solver.py   | Epoch:  126 | PSNR: 27.58 | Loss: 6.2037 | lr: 5.00e-04 | Best_PSNR: 27.58 in Epoch [126]
2022-03-29 20:53:54 |[191]solver.py   | Epoch:  127 | PSNR: 27.55 | Loss: 6.2095 | lr: 5.00e-04 | Best_PSNR: 27.58 in Epoch [126]
2022-03-29 20:58:17 |[191]solver.py   | Epoch:  128 | PSNR: 27.62 | Loss: 6.1971 | lr: 5.00e-04 | Best_PSNR: 27.62 in Epoch [128]
2022-03-29 21:02:37 |[191]solver.py   | Epoch:  129 | PSNR: 27.59 | Loss: 6.2049 | lr: 5.00e-04 | Best_PSNR: 27.62 in Epoch [128]
2022-03-29 21:06:54 |[191]solver.py   | Epoch:  130 | PSNR: 27.59 | Loss: 6.1953 | lr: 5.00e-04 | Best_PSNR: 27.62 in Epoch [128]
2022-03-29 21:11:14 |[191]solver.py   | Epoch:  131 | PSNR: 27.59 | Loss: 6.1841 | lr: 5.00e-04 | Best_PSNR: 27.62 in Epoch [128]
2022-03-29 21:15:34 |[191]solver.py   | Epoch:  132 | PSNR: 27.56 | Loss: 6.1740 | lr: 5.00e-04 | Best_PSNR: 27.62 in Epoch [128]
2022-03-29 21:19:52 |[191]solver.py   | Epoch:  133 | PSNR: 27.56 | Loss: 6.1930 | lr: 5.00e-04 | Best_PSNR: 27.62 in Epoch [128]
2022-03-29 21:24:10 |[191]solver.py   | Epoch:  134 | PSNR: 27.59 | Loss: 6.1832 | lr: 5.00e-04 | Best_PSNR: 27.62 in Epoch [128]
2022-03-29 21:28:29 |[191]solver.py   | Epoch:  135 | PSNR: 27.56 | Loss: 6.1899 | lr: 5.00e-04 | Best_PSNR: 27.62 in Epoch [128]
2022-03-29 21:32:47 |[191]solver.py   | Epoch:  136 | PSNR: 27.54 | Loss: 6.1782 | lr: 5.00e-04 | Best_PSNR: 27.62 in Epoch [128]
2022-03-29 21:37:07 |[191]solver.py   | Epoch:  137 | PSNR: 27.58 | Loss: 6.1875 | lr: 5.00e-04 | Best_PSNR: 27.62 in Epoch [128]
2022-03-29 21:41:25 |[191]solver.py   | Epoch:  138 | PSNR: 27.56 | Loss: 6.1849 | lr: 5.00e-04 | Best_PSNR: 27.62 in Epoch [128]
2022-03-29 21:45:43 |[191]solver.py   | Epoch:  139 | PSNR: 27.56 | Loss: 6.1843 | lr: 5.00e-04 | Best_PSNR: 27.62 in Epoch [128]
2022-03-29 21:50:02 |[191]solver.py   | Epoch:  140 | PSNR: 27.54 | Loss: 6.1975 | lr: 5.00e-04 | Best_PSNR: 27.62 in Epoch [128]
2022-03-29 21:54:22 |[191]solver.py   | Epoch:  141 | PSNR: 27.52 | Loss: 6.1900 | lr: 5.00e-04 | Best_PSNR: 27.62 in Epoch [128]
2022-03-29 21:58:41 |[191]solver.py   | Epoch:  142 | PSNR: 27.57 | Loss: 6.2136 | lr: 5.00e-04 | Best_PSNR: 27.62 in Epoch [128]
2022-03-29 22:03:01 |[191]solver.py   | Epoch:  143 | PSNR: 27.59 | Loss: 6.1978 | lr: 5.00e-04 | Best_PSNR: 27.62 in Epoch [128]
2022-03-29 22:07:23 |[191]solver.py   | Epoch:  144 | PSNR: 27.55 | Loss: 6.1922 | lr: 5.00e-04 | Best_PSNR: 27.62 in Epoch [128]
2022-03-29 22:11:42 |[191]solver.py   | Epoch:  145 | PSNR: 27.59 | Loss: 6.1784 | lr: 5.00e-04 | Best_PSNR: 27.62 in Epoch [128]
2022-03-29 22:16:00 |[191]solver.py   | Epoch:  146 | PSNR: 27.52 | Loss: 6.2058 | lr: 5.00e-04 | Best_PSNR: 27.62 in Epoch [128]
2022-03-29 22:20:18 |[191]solver.py   | Epoch:  147 | PSNR: 27.59 | Loss: 6.1966 | lr: 5.00e-04 | Best_PSNR: 27.62 in Epoch [128]
2022-03-29 22:24:38 |[191]solver.py   | Epoch:  148 | PSNR: 27.56 | Loss: 6.2007 | lr: 5.00e-04 | Best_PSNR: 27.62 in Epoch [128]
2022-03-29 22:28:58 |[191]solver.py   | Epoch:  149 | PSNR: 27.59 | Loss: 6.1940 | lr: 5.00e-04 | Best_PSNR: 27.62 in Epoch [128]
2022-03-29 22:33:16 |[191]solver.py   | Epoch:  150 | PSNR: 27.58 | Loss: 6.1844 | lr: 5.00e-04 | Best_PSNR: 27.62 in Epoch [128]
2022-03-29 22:37:36 |[191]solver.py   | Epoch:  151 | PSNR: 27.60 | Loss: 6.1860 | lr: 5.00e-04 | Best_PSNR: 27.62 in Epoch [128]
2022-03-29 22:41:55 |[191]solver.py   | Epoch:  152 | PSNR: 27.53 | Loss: 6.1973 | lr: 5.00e-04 | Best_PSNR: 27.62 in Epoch [128]
2022-03-29 22:46:14 |[191]solver.py   | Epoch:  153 | PSNR: 27.59 | Loss: 6.1946 | lr: 5.00e-04 | Best_PSNR: 27.62 in Epoch [128]
2022-03-29 22:50:32 |[191]solver.py   | Epoch:  154 | PSNR: 27.57 | Loss: 6.2038 | lr: 5.00e-04 | Best_PSNR: 27.62 in Epoch [128]
2022-03-29 22:54:50 |[191]solver.py   | Epoch:  155 | PSNR: 27.53 | Loss: 6.1805 | lr: 5.00e-04 | Best_PSNR: 27.62 in Epoch [128]
2022-03-29 22:59:09 |[191]solver.py   | Epoch:  156 | PSNR: 27.61 | Loss: 6.1730 | lr: 5.00e-04 | Best_PSNR: 27.62 in Epoch [128]
2022-03-29 23:03:28 |[191]solver.py   | Epoch:  157 | PSNR: 27.57 | Loss: 6.1866 | lr: 5.00e-04 | Best_PSNR: 27.62 in Epoch [128]
2022-03-29 23:07:47 |[191]solver.py   | Epoch:  158 | PSNR: 27.56 | Loss: 6.1949 | lr: 5.00e-04 | Best_PSNR: 27.62 in Epoch [128]
2022-03-29 23:12:05 |[191]solver.py   | Epoch:  159 | PSNR: 27.58 | Loss: 6.1862 | lr: 5.00e-04 | Best_PSNR: 27.62 in Epoch [128]
2022-03-29 23:16:24 |[191]solver.py   | Epoch:  160 | PSNR: 27.52 | Loss: 6.2028 | lr: 5.00e-04 | Best_PSNR: 27.62 in Epoch [128]
2022-03-29 23:20:42 |[191]solver.py   | Epoch:  161 | PSNR: 27.57 | Loss: 6.1936 | lr: 5.00e-04 | Best_PSNR: 27.62 in Epoch [128]
2022-03-29 23:25:03 |[191]solver.py   | Epoch:  162 | PSNR: 27.58 | Loss: 6.1761 | lr: 5.00e-04 | Best_PSNR: 27.62 in Epoch [128]
2022-03-29 23:29:19 |[191]solver.py   | Epoch:  163 | PSNR: 27.58 | Loss: 6.1800 | lr: 5.00e-04 | Best_PSNR: 27.62 in Epoch [128]
2022-03-29 23:33:40 |[191]solver.py   | Epoch:  164 | PSNR: 27.57 | Loss: 6.1740 | lr: 5.00e-04 | Best_PSNR: 27.62 in Epoch [128]
2022-03-29 23:37:59 |[191]solver.py   | Epoch:  165 | PSNR: 27.60 | Loss: 6.1806 | lr: 5.00e-04 | Best_PSNR: 27.62 in Epoch [128]
2022-03-29 23:42:18 |[191]solver.py   | Epoch:  166 | PSNR: 27.58 | Loss: 6.1997 | lr: 5.00e-04 | Best_PSNR: 27.62 in Epoch [128]
2022-03-29 23:46:38 |[191]solver.py   | Epoch:  167 | PSNR: 27.57 | Loss: 6.1869 | lr: 5.00e-04 | Best_PSNR: 27.62 in Epoch [128]
2022-03-29 23:50:57 |[191]solver.py   | Epoch:  168 | PSNR: 27.55 | Loss: 6.1746 | lr: 5.00e-04 | Best_PSNR: 27.62 in Epoch [128]
2022-03-29 23:55:17 |[191]solver.py   | Epoch:  169 | PSNR: 27.55 | Loss: 6.1999 | lr: 5.00e-04 | Best_PSNR: 27.62 in Epoch [128]
2022-03-29 23:59:35 |[191]solver.py   | Epoch:  170 | PSNR: 27.58 | Loss: 6.1784 | lr: 5.00e-04 | Best_PSNR: 27.62 in Epoch [128]
2022-03-30 00:03:54 |[191]solver.py   | Epoch:  171 | PSNR: 27.54 | Loss: 6.1680 | lr: 5.00e-04 | Best_PSNR: 27.62 in Epoch [128]
2022-03-30 00:08:12 |[191]solver.py   | Epoch:  172 | PSNR: 27.54 | Loss: 6.1822 | lr: 5.00e-04 | Best_PSNR: 27.62 in Epoch [128]
2022-03-30 00:12:32 |[191]solver.py   | Epoch:  173 | PSNR: 27.53 | Loss: 6.1773 | lr: 5.00e-04 | Best_PSNR: 27.62 in Epoch [128]
2022-03-30 00:16:51 |[191]solver.py   | Epoch:  174 | PSNR: 27.55 | Loss: 6.1812 | lr: 5.00e-04 | Best_PSNR: 27.62 in Epoch [128]
2022-03-30 00:21:12 |[191]solver.py   | Epoch:  175 | PSNR: 27.59 | Loss: 6.1917 | lr: 5.00e-04 | Best_PSNR: 27.62 in Epoch [128]
2022-03-30 00:25:31 |[191]solver.py   | Epoch:  176 | PSNR: 27.59 | Loss: 6.1854 | lr: 5.00e-04 | Best_PSNR: 27.62 in Epoch [128]
2022-03-30 00:29:50 |[191]solver.py   | Epoch:  177 | PSNR: 27.54 | Loss: 6.1708 | lr: 5.00e-04 | Best_PSNR: 27.62 in Epoch [128]
2022-03-30 00:34:09 |[191]solver.py   | Epoch:  178 | PSNR: 27.52 | Loss: 6.1975 | lr: 5.00e-04 | Best_PSNR: 27.62 in Epoch [128]
2022-03-30 00:38:28 |[191]solver.py   | Epoch:  179 | PSNR: 27.55 | Loss: 6.1864 | lr: 5.00e-04 | Best_PSNR: 27.62 in Epoch [128]
2022-03-30 00:42:48 |[191]solver.py   | Epoch:  180 | PSNR: 27.55 | Loss: 6.1756 | lr: 5.00e-04 | Best_PSNR: 27.62 in Epoch [128]
2022-03-30 00:47:06 |[191]solver.py   | Epoch:  181 | PSNR: 27.56 | Loss: 6.1944 | lr: 5.00e-04 | Best_PSNR: 27.62 in Epoch [128]
2022-03-30 00:51:26 |[191]solver.py   | Epoch:  182 | PSNR: 27.56 | Loss: 6.1981 | lr: 5.00e-04 | Best_PSNR: 27.62 in Epoch [128]
2022-03-30 00:55:44 |[191]solver.py   | Epoch:  183 | PSNR: 27.52 | Loss: 6.2053 | lr: 5.00e-04 | Best_PSNR: 27.62 in Epoch [128]
2022-03-30 01:00:04 |[191]solver.py   | Epoch:  184 | PSNR: 27.60 | Loss: 6.1922 | lr: 5.00e-04 | Best_PSNR: 27.62 in Epoch [128]
2022-03-30 01:04:22 |[191]solver.py   | Epoch:  185 | PSNR: 27.55 | Loss: 6.1994 | lr: 5.00e-04 | Best_PSNR: 27.62 in Epoch [128]
2022-03-30 01:08:41 |[191]solver.py   | Epoch:  186 | PSNR: 27.61 | Loss: 6.1983 | lr: 5.00e-04 | Best_PSNR: 27.62 in Epoch [128]
2022-03-30 01:12:59 |[191]solver.py   | Epoch:  187 | PSNR: 27.61 | Loss: 6.1942 | lr: 5.00e-04 | Best_PSNR: 27.62 in Epoch [128]
2022-03-30 01:17:19 |[191]solver.py   | Epoch:  188 | PSNR: 27.61 | Loss: 6.1775 | lr: 5.00e-04 | Best_PSNR: 27.62 in Epoch [128]
2022-03-30 01:21:38 |[191]solver.py   | Epoch:  189 | PSNR: 27.60 | Loss: 6.2023 | lr: 5.00e-04 | Best_PSNR: 27.62 in Epoch [128]
2022-03-30 01:25:56 |[191]solver.py   | Epoch:  190 | PSNR: 27.61 | Loss: 6.1897 | lr: 5.00e-04 | Best_PSNR: 27.62 in Epoch [128]
2022-03-30 01:30:13 |[191]solver.py   | Epoch:  191 | PSNR: 27.59 | Loss: 6.1843 | lr: 5.00e-04 | Best_PSNR: 27.62 in Epoch [128]
2022-03-30 01:34:33 |[191]solver.py   | Epoch:  192 | PSNR: 27.51 | Loss: 6.1864 | lr: 5.00e-04 | Best_PSNR: 27.62 in Epoch [128]
2022-03-30 01:38:51 |[191]solver.py   | Epoch:  193 | PSNR: 27.56 | Loss: 6.1870 | lr: 5.00e-04 | Best_PSNR: 27.62 in Epoch [128]
2022-03-30 01:43:09 |[191]solver.py   | Epoch:  194 | PSNR: 27.59 | Loss: 6.1977 | lr: 5.00e-04 | Best_PSNR: 27.62 in Epoch [128]
2022-03-30 01:47:29 |[191]solver.py   | Epoch:  195 | PSNR: 27.57 | Loss: 6.1786 | lr: 5.00e-04 | Best_PSNR: 27.62 in Epoch [128]
2022-03-30 01:51:45 |[191]solver.py   | Epoch:  196 | PSNR: 27.52 | Loss: 6.1791 | lr: 5.00e-04 | Best_PSNR: 27.62 in Epoch [128]
2022-03-30 01:56:02 |[191]solver.py   | Epoch:  197 | PSNR: 27.60 | Loss: 6.1989 | lr: 5.00e-04 | Best_PSNR: 27.62 in Epoch [128]
2022-03-30 02:00:20 |[191]solver.py   | Epoch:  198 | PSNR: 27.56 | Loss: 6.1885 | lr: 5.00e-04 | Best_PSNR: 27.62 in Epoch [128]
2022-03-30 02:04:39 |[191]solver.py   | Epoch:  199 | PSNR: 27.61 | Loss: 6.1676 | lr: 5.00e-04 | Best_PSNR: 27.62 in Epoch [128]
2022-03-30 02:08:58 |[191]solver.py   | Epoch:  200 | PSNR: 27.59 | Loss: 6.1852 | lr: 5.00e-04 | Best_PSNR: 27.62 in Epoch [128]
2022-03-30 02:13:16 |[191]solver.py   | Epoch:  201 | PSNR: 27.58 | Loss: 6.1868 | lr: 5.00e-04 | Best_PSNR: 27.62 in Epoch [128]
2022-03-30 02:17:33 |[191]solver.py   | Epoch:  202 | PSNR: 27.61 | Loss: 6.1958 | lr: 5.00e-04 | Best_PSNR: 27.62 in Epoch [128]
2022-03-30 02:21:56 |[191]solver.py   | Epoch:  203 | PSNR: 27.58 | Loss: 6.1863 | lr: 5.00e-04 | Best_PSNR: 27.62 in Epoch [128]
2022-03-30 02:26:24 |[191]solver.py   | Epoch:  204 | PSNR: 27.57 | Loss: 6.1792 | lr: 5.00e-04 | Best_PSNR: 27.62 in Epoch [128]
2022-03-30 02:30:49 |[191]solver.py   | Epoch:  205 | PSNR: 27.56 | Loss: 6.1968 | lr: 5.00e-04 | Best_PSNR: 27.62 in Epoch [128]
2022-03-30 02:35:13 |[191]solver.py   | Epoch:  206 | PSNR: 27.62 | Loss: 6.1907 | lr: 5.00e-04 | Best_PSNR: 27.62 in Epoch [128]
2022-03-30 02:39:36 |[191]solver.py   | Epoch:  207 | PSNR: 27.59 | Loss: 6.1906 | lr: 5.00e-04 | Best_PSNR: 27.62 in Epoch [128]
2022-03-30 02:43:56 |[191]solver.py   | Epoch:  208 | PSNR: 27.58 | Loss: 6.1799 | lr: 5.00e-04 | Best_PSNR: 27.62 in Epoch [128]
2022-03-30 02:48:14 |[191]solver.py   | Epoch:  209 | PSNR: 27.56 | Loss: 6.1917 | lr: 5.00e-04 | Best_PSNR: 27.62 in Epoch [128]
2022-03-30 02:52:38 |[191]solver.py   | Epoch:  210 | PSNR: 27.59 | Loss: 6.1870 | lr: 5.00e-04 | Best_PSNR: 27.62 in Epoch [128]
2022-03-30 02:56:56 |[191]solver.py   | Epoch:  211 | PSNR: 27.57 | Loss: 6.1957 | lr: 5.00e-04 | Best_PSNR: 27.62 in Epoch [128]
2022-03-30 03:01:15 |[191]solver.py   | Epoch:  212 | PSNR: 27.60 | Loss: 6.1898 | lr: 5.00e-04 | Best_PSNR: 27.62 in Epoch [128]
2022-03-30 03:05:39 |[191]solver.py   | Epoch:  213 | PSNR: 27.58 | Loss: 6.1959 | lr: 5.00e-04 | Best_PSNR: 27.62 in Epoch [128]
2022-03-30 03:10:03 |[191]solver.py   | Epoch:  214 | PSNR: 27.55 | Loss: 6.1898 | lr: 5.00e-04 | Best_PSNR: 27.62 in Epoch [128]
2022-03-30 03:14:26 |[191]solver.py   | Epoch:  215 | PSNR: 27.58 | Loss: 6.1883 | lr: 5.00e-04 | Best_PSNR: 27.62 in Epoch [128]
2022-03-30 03:18:50 |[191]solver.py   | Epoch:  216 | PSNR: 27.52 | Loss: 6.1835 | lr: 5.00e-04 | Best_PSNR: 27.62 in Epoch [128]
2022-03-30 03:23:11 |[191]solver.py   | Epoch:  217 | PSNR: 27.58 | Loss: 6.1812 | lr: 5.00e-04 | Best_PSNR: 27.62 in Epoch [128]
2022-03-30 03:27:29 |[191]solver.py   | Epoch:  218 | PSNR: 27.57 | Loss: 6.1682 | lr: 5.00e-04 | Best_PSNR: 27.62 in Epoch [128]
2022-03-30 03:31:54 |[191]solver.py   | Epoch:  219 | PSNR: 27.56 | Loss: 6.1936 | lr: 5.00e-04 | Best_PSNR: 27.62 in Epoch [128]
2022-03-30 03:36:18 |[191]solver.py   | Epoch:  220 | PSNR: 27.60 | Loss: 6.1839 | lr: 5.00e-04 | Best_PSNR: 27.62 in Epoch [128]
2022-03-30 03:40:42 |[191]solver.py   | Epoch:  221 | PSNR: 27.54 | Loss: 6.1714 | lr: 5.00e-04 | Best_PSNR: 27.62 in Epoch [128]
2022-03-30 03:45:07 |[191]solver.py   | Epoch:  222 | PSNR: 27.60 | Loss: 6.1803 | lr: 5.00e-04 | Best_PSNR: 27.62 in Epoch [128]
2022-03-30 03:49:27 |[191]solver.py   | Epoch:  223 | PSNR: 27.52 | Loss: 6.1961 | lr: 5.00e-04 | Best_PSNR: 27.62 in Epoch [128]
2022-03-30 03:53:46 |[191]solver.py   | Epoch:  224 | PSNR: 27.55 | Loss: 6.1794 | lr: 5.00e-04 | Best_PSNR: 27.62 in Epoch [128]
2022-03-30 03:58:05 |[191]solver.py   | Epoch:  225 | PSNR: 27.53 | Loss: 6.1907 | lr: 5.00e-04 | Best_PSNR: 27.62 in Epoch [128]
2022-03-30 04:02:24 |[191]solver.py   | Epoch:  226 | PSNR: 27.59 | Loss: 6.1932 | lr: 5.00e-04 | Best_PSNR: 27.62 in Epoch [128]
2022-03-30 04:06:49 |[191]solver.py   | Epoch:  227 | PSNR: 27.57 | Loss: 6.1919 | lr: 5.00e-04 | Best_PSNR: 27.62 in Epoch [128]
2022-03-30 04:11:13 |[191]solver.py   | Epoch:  228 | PSNR: 27.58 | Loss: 6.1861 | lr: 5.00e-04 | Best_PSNR: 27.62 in Epoch [128]
2022-03-30 04:15:38 |[191]solver.py   | Epoch:  229 | PSNR: 27.56 | Loss: 6.1800 | lr: 5.00e-04 | Best_PSNR: 27.62 in Epoch [128]
2022-03-30 04:19:57 |[191]solver.py   | Epoch:  230 | PSNR: 27.59 | Loss: 6.1874 | lr: 5.00e-04 | Best_PSNR: 27.62 in Epoch [128]
2022-03-30 04:24:22 |[191]solver.py   | Epoch:  231 | PSNR: 27.57 | Loss: 6.1934 | lr: 5.00e-04 | Best_PSNR: 27.62 in Epoch [128]
2022-03-30 04:28:44 |[191]solver.py   | Epoch:  232 | PSNR: 27.53 | Loss: 6.1963 | lr: 5.00e-04 | Best_PSNR: 27.62 in Epoch [128]
2022-03-30 04:33:09 |[191]solver.py   | Epoch:  233 | PSNR: 27.53 | Loss: 6.1879 | lr: 5.00e-04 | Best_PSNR: 27.62 in Epoch [128]
2022-03-30 04:37:35 |[191]solver.py   | Epoch:  234 | PSNR: 27.55 | Loss: 6.1851 | lr: 5.00e-04 | Best_PSNR: 27.62 in Epoch [128]
2022-03-30 04:41:55 |[191]solver.py   | Epoch:  235 | PSNR: 27.58 | Loss: 6.1893 | lr: 5.00e-04 | Best_PSNR: 27.62 in Epoch [128]
2022-03-30 04:46:16 |[191]solver.py   | Epoch:  236 | PSNR: 27.55 | Loss: 6.1878 | lr: 5.00e-04 | Best_PSNR: 27.62 in Epoch [128]
2022-03-30 04:50:35 |[191]solver.py   | Epoch:  237 | PSNR: 27.51 | Loss: 6.1874 | lr: 5.00e-04 | Best_PSNR: 27.62 in Epoch [128]
2022-03-30 04:54:53 |[191]solver.py   | Epoch:  238 | PSNR: 27.57 | Loss: 6.1937 | lr: 5.00e-04 | Best_PSNR: 27.62 in Epoch [128]
2022-03-30 04:59:14 |[191]solver.py   | Epoch:  239 | PSNR: 27.59 | Loss: 6.1830 | lr: 5.00e-04 | Best_PSNR: 27.62 in Epoch [128]
2022-03-30 05:03:33 |[191]solver.py   | Epoch:  240 | PSNR: 27.54 | Loss: 6.1712 | lr: 2.50e-04 | Best_PSNR: 27.62 in Epoch [128]
2022-03-30 05:07:54 |[191]solver.py   | Epoch:  241 | PSNR: 27.56 | Loss: 6.1590 | lr: 2.50e-04 | Best_PSNR: 27.62 in Epoch [128]
2022-03-30 05:12:14 |[191]solver.py   | Epoch:  242 | PSNR: 27.54 | Loss: 6.1526 | lr: 2.50e-04 | Best_PSNR: 27.62 in Epoch [128]
2022-03-30 05:16:32 |[191]solver.py   | Epoch:  243 | PSNR: 27.59 | Loss: 6.1597 | lr: 2.50e-04 | Best_PSNR: 27.62 in Epoch [128]
2022-03-30 05:20:53 |[191]solver.py   | Epoch:  244 | PSNR: 27.61 | Loss: 6.1493 | lr: 2.50e-04 | Best_PSNR: 27.62 in Epoch [128]
2022-03-30 05:25:12 |[191]solver.py   | Epoch:  245 | PSNR: 27.60 | Loss: 6.1563 | lr: 2.50e-04 | Best_PSNR: 27.62 in Epoch [128]
2022-03-30 05:29:29 |[191]solver.py   | Epoch:  246 | PSNR: 27.60 | Loss: 6.1447 | lr: 2.50e-04 | Best_PSNR: 27.62 in Epoch [128]
2022-03-30 05:33:51 |[191]solver.py   | Epoch:  247 | PSNR: 27.62 | Loss: 6.1626 | lr: 2.50e-04 | Best_PSNR: 27.62 in Epoch [247]
2022-03-30 05:38:11 |[191]solver.py   | Epoch:  248 | PSNR: 27.61 | Loss: 6.1545 | lr: 2.50e-04 | Best_PSNR: 27.62 in Epoch [247]
2022-03-30 05:42:31 |[191]solver.py   | Epoch:  249 | PSNR: 27.63 | Loss: 6.1574 | lr: 2.50e-04 | Best_PSNR: 27.63 in Epoch [249]
2022-03-30 05:46:50 |[191]solver.py   | Epoch:  250 | PSNR: 27.57 | Loss: 6.1591 | lr: 2.50e-04 | Best_PSNR: 27.63 in Epoch [249]
2022-03-30 05:51:10 |[191]solver.py   | Epoch:  251 | PSNR: 27.64 | Loss: 6.1478 | lr: 2.50e-04 | Best_PSNR: 27.64 in Epoch [251]
2022-03-30 05:55:28 |[191]solver.py   | Epoch:  252 | PSNR: 27.56 | Loss: 6.1400 | lr: 2.50e-04 | Best_PSNR: 27.64 in Epoch [251]
2022-03-30 05:59:43 |[191]solver.py   | Epoch:  253 | PSNR: 27.62 | Loss: 6.1498 | lr: 2.50e-04 | Best_PSNR: 27.64 in Epoch [251]
2022-03-30 06:03:59 |[191]solver.py   | Epoch:  254 | PSNR: 27.59 | Loss: 6.1516 | lr: 2.50e-04 | Best_PSNR: 27.64 in Epoch [251]
2022-03-30 06:08:15 |[191]solver.py   | Epoch:  255 | PSNR: 27.58 | Loss: 6.1704 | lr: 2.50e-04 | Best_PSNR: 27.64 in Epoch [251]
2022-03-30 06:12:30 |[191]solver.py   | Epoch:  256 | PSNR: 27.57 | Loss: 6.1644 | lr: 2.50e-04 | Best_PSNR: 27.64 in Epoch [251]
2022-03-30 06:16:48 |[191]solver.py   | Epoch:  257 | PSNR: 27.62 | Loss: 6.1479 | lr: 2.50e-04 | Best_PSNR: 27.64 in Epoch [251]
2022-03-30 06:21:04 |[191]solver.py   | Epoch:  258 | PSNR: 27.62 | Loss: 6.1535 | lr: 2.50e-04 | Best_PSNR: 27.64 in Epoch [251]
2022-03-30 06:25:20 |[191]solver.py   | Epoch:  259 | PSNR: 27.63 | Loss: 6.1535 | lr: 2.50e-04 | Best_PSNR: 27.64 in Epoch [251]
2022-03-30 06:29:35 |[191]solver.py   | Epoch:  260 | PSNR: 27.63 | Loss: 6.1482 | lr: 2.50e-04 | Best_PSNR: 27.64 in Epoch [251]
2022-03-30 06:33:53 |[191]solver.py   | Epoch:  261 | PSNR: 27.62 | Loss: 6.1723 | lr: 2.50e-04 | Best_PSNR: 27.64 in Epoch [251]
2022-03-30 06:38:16 |[191]solver.py   | Epoch:  262 | PSNR: 27.61 | Loss: 6.1499 | lr: 2.50e-04 | Best_PSNR: 27.64 in Epoch [251]
2022-03-30 06:42:35 |[191]solver.py   | Epoch:  263 | PSNR: 27.60 | Loss: 6.1625 | lr: 2.50e-04 | Best_PSNR: 27.64 in Epoch [251]
2022-03-30 06:46:51 |[191]solver.py   | Epoch:  264 | PSNR: 27.61 | Loss: 6.1409 | lr: 2.50e-04 | Best_PSNR: 27.64 in Epoch [251]
2022-03-30 06:51:14 |[191]solver.py   | Epoch:  265 | PSNR: 27.64 | Loss: 6.1428 | lr: 2.50e-04 | Best_PSNR: 27.64 in Epoch [265]
2022-03-30 06:55:33 |[191]solver.py   | Epoch:  266 | PSNR: 27.60 | Loss: 6.1642 | lr: 2.50e-04 | Best_PSNR: 27.64 in Epoch [265]
2022-03-30 06:59:54 |[191]solver.py   | Epoch:  267 | PSNR: 27.58 | Loss: 6.1683 | lr: 2.50e-04 | Best_PSNR: 27.64 in Epoch [265]
2022-03-30 07:04:15 |[191]solver.py   | Epoch:  268 | PSNR: 27.58 | Loss: 6.1541 | lr: 2.50e-04 | Best_PSNR: 27.64 in Epoch [265]
2022-03-30 07:08:35 |[191]solver.py   | Epoch:  269 | PSNR: 27.61 | Loss: 6.1596 | lr: 2.50e-04 | Best_PSNR: 27.64 in Epoch [265]
2022-03-30 07:12:55 |[191]solver.py   | Epoch:  270 | PSNR: 27.62 | Loss: 6.1442 | lr: 2.50e-04 | Best_PSNR: 27.64 in Epoch [265]
2022-03-30 07:17:16 |[191]solver.py   | Epoch:  271 | PSNR: 27.55 | Loss: 6.1521 | lr: 2.50e-04 | Best_PSNR: 27.64 in Epoch [265]
2022-03-30 07:21:41 |[191]solver.py   | Epoch:  272 | PSNR: 27.63 | Loss: 6.1428 | lr: 2.50e-04 | Best_PSNR: 27.64 in Epoch [265]
2022-03-30 07:26:01 |[191]solver.py   | Epoch:  273 | PSNR: 27.59 | Loss: 6.1681 | lr: 2.50e-04 | Best_PSNR: 27.64 in Epoch [265]
2022-03-30 07:30:24 |[191]solver.py   | Epoch:  274 | PSNR: 27.60 | Loss: 6.1529 | lr: 2.50e-04 | Best_PSNR: 27.64 in Epoch [265]
2022-03-30 07:34:48 |[191]solver.py   | Epoch:  275 | PSNR: 27.61 | Loss: 6.1511 | lr: 2.50e-04 | Best_PSNR: 27.64 in Epoch [265]
2022-03-30 07:39:10 |[191]solver.py   | Epoch:  276 | PSNR: 27.59 | Loss: 6.1611 | lr: 2.50e-04 | Best_PSNR: 27.64 in Epoch [265]
2022-03-30 07:43:32 |[191]solver.py   | Epoch:  277 | PSNR: 27.61 | Loss: 6.1639 | lr: 2.50e-04 | Best_PSNR: 27.64 in Epoch [265]
2022-03-30 07:47:55 |[191]solver.py   | Epoch:  278 | PSNR: 27.61 | Loss: 6.1557 | lr: 2.50e-04 | Best_PSNR: 27.64 in Epoch [265]
2022-03-30 07:52:21 |[191]solver.py   | Epoch:  279 | PSNR: 27.62 | Loss: 6.1498 | lr: 2.50e-04 | Best_PSNR: 27.64 in Epoch [265]
2022-03-30 07:56:40 |[191]solver.py   | Epoch:  280 | PSNR: 27.60 | Loss: 6.1655 | lr: 2.50e-04 | Best_PSNR: 27.64 in Epoch [265]
2022-03-30 08:00:58 |[191]solver.py   | Epoch:  281 | PSNR: 27.54 | Loss: 6.1414 | lr: 2.50e-04 | Best_PSNR: 27.64 in Epoch [265]
2022-03-30 08:05:17 |[191]solver.py   | Epoch:  282 | PSNR: 27.60 | Loss: 6.1526 | lr: 2.50e-04 | Best_PSNR: 27.64 in Epoch [265]
2022-03-30 08:09:37 |[191]solver.py   | Epoch:  283 | PSNR: 27.65 | Loss: 6.1645 | lr: 2.50e-04 | Best_PSNR: 27.65 in Epoch [283]
2022-03-30 08:14:01 |[191]solver.py   | Epoch:  284 | PSNR: 27.56 | Loss: 6.1384 | lr: 2.50e-04 | Best_PSNR: 27.65 in Epoch [283]
2022-03-30 08:18:25 |[191]solver.py   | Epoch:  285 | PSNR: 27.64 | Loss: 6.1583 | lr: 2.50e-04 | Best_PSNR: 27.65 in Epoch [283]
2022-03-30 08:22:44 |[191]solver.py   | Epoch:  286 | PSNR: 27.60 | Loss: 6.1696 | lr: 2.50e-04 | Best_PSNR: 27.65 in Epoch [283]
2022-03-30 08:27:03 |[191]solver.py   | Epoch:  287 | PSNR: 27.61 | Loss: 6.1456 | lr: 2.50e-04 | Best_PSNR: 27.65 in Epoch [283]
2022-03-30 08:31:21 |[191]solver.py   | Epoch:  288 | PSNR: 27.59 | Loss: 6.1421 | lr: 2.50e-04 | Best_PSNR: 27.65 in Epoch [283]
2022-03-30 08:35:40 |[191]solver.py   | Epoch:  289 | PSNR: 27.55 | Loss: 6.1665 | lr: 2.50e-04 | Best_PSNR: 27.65 in Epoch [283]
2022-03-30 08:39:59 |[191]solver.py   | Epoch:  290 | PSNR: 27.58 | Loss: 6.1485 | lr: 2.50e-04 | Best_PSNR: 27.65 in Epoch [283]
2022-03-30 08:44:17 |[191]solver.py   | Epoch:  291 | PSNR: 27.59 | Loss: 6.1677 | lr: 2.50e-04 | Best_PSNR: 27.65 in Epoch [283]
2022-03-30 08:48:36 |[191]solver.py   | Epoch:  292 | PSNR: 27.54 | Loss: 6.1455 | lr: 2.50e-04 | Best_PSNR: 27.65 in Epoch [283]
2022-03-30 08:52:57 |[191]solver.py   | Epoch:  293 | PSNR: 27.61 | Loss: 6.1599 | lr: 2.50e-04 | Best_PSNR: 27.65 in Epoch [283]
2022-03-30 08:57:15 |[191]solver.py   | Epoch:  294 | PSNR: 27.61 | Loss: 6.1473 | lr: 2.50e-04 | Best_PSNR: 27.65 in Epoch [283]
2022-03-30 09:01:35 |[191]solver.py   | Epoch:  295 | PSNR: 27.61 | Loss: 6.1553 | lr: 2.50e-04 | Best_PSNR: 27.65 in Epoch [283]
2022-03-30 09:05:54 |[191]solver.py   | Epoch:  296 | PSNR: 27.57 | Loss: 6.1593 | lr: 2.50e-04 | Best_PSNR: 27.65 in Epoch [283]
2022-03-30 09:10:12 |[191]solver.py   | Epoch:  297 | PSNR: 27.62 | Loss: 6.1499 | lr: 2.50e-04 | Best_PSNR: 27.65 in Epoch [283]
2022-03-30 09:14:31 |[191]solver.py   | Epoch:  298 | PSNR: 27.60 | Loss: 6.1453 | lr: 2.50e-04 | Best_PSNR: 27.65 in Epoch [283]
2022-03-30 09:18:51 |[191]solver.py   | Epoch:  299 | PSNR: 27.59 | Loss: 6.1516 | lr: 2.50e-04 | Best_PSNR: 27.65 in Epoch [283]
2022-03-30 09:23:10 |[191]solver.py   | Epoch:  300 | PSNR: 27.61 | Loss: 6.1640 | lr: 2.50e-04 | Best_PSNR: 27.65 in Epoch [283]
2022-03-30 09:27:28 |[191]solver.py   | Epoch:  301 | PSNR: 27.60 | Loss: 6.1456 | lr: 2.50e-04 | Best_PSNR: 27.65 in Epoch [283]
2022-03-30 09:31:46 |[191]solver.py   | Epoch:  302 | PSNR: 27.61 | Loss: 6.1698 | lr: 2.50e-04 | Best_PSNR: 27.65 in Epoch [283]
2022-03-30 09:36:03 |[191]solver.py   | Epoch:  303 | PSNR: 27.62 | Loss: 6.1520 | lr: 2.50e-04 | Best_PSNR: 27.65 in Epoch [283]
2022-03-30 09:40:24 |[191]solver.py   | Epoch:  304 | PSNR: 27.60 | Loss: 6.1674 | lr: 2.50e-04 | Best_PSNR: 27.65 in Epoch [283]
2022-03-30 09:44:43 |[191]solver.py   | Epoch:  305 | PSNR: 27.57 | Loss: 6.1677 | lr: 2.50e-04 | Best_PSNR: 27.65 in Epoch [283]
2022-03-30 09:49:02 |[191]solver.py   | Epoch:  306 | PSNR: 27.56 | Loss: 6.1498 | lr: 2.50e-04 | Best_PSNR: 27.65 in Epoch [283]
2022-03-30 09:53:21 |[191]solver.py   | Epoch:  307 | PSNR: 27.56 | Loss: 6.1575 | lr: 2.50e-04 | Best_PSNR: 27.65 in Epoch [283]
2022-03-30 09:57:41 |[191]solver.py   | Epoch:  308 | PSNR: 27.61 | Loss: 6.1480 | lr: 2.50e-04 | Best_PSNR: 27.65 in Epoch [283]
2022-03-30 10:02:00 |[191]solver.py   | Epoch:  309 | PSNR: 27.63 | Loss: 6.1616 | lr: 2.50e-04 | Best_PSNR: 27.65 in Epoch [283]
2022-03-30 10:06:21 |[191]solver.py   | Epoch:  310 | PSNR: 27.63 | Loss: 6.1509 | lr: 2.50e-04 | Best_PSNR: 27.65 in Epoch [283]
2022-03-30 10:10:43 |[191]solver.py   | Epoch:  311 | PSNR: 27.62 | Loss: 6.1587 | lr: 2.50e-04 | Best_PSNR: 27.65 in Epoch [283]
2022-03-30 10:15:02 |[191]solver.py   | Epoch:  312 | PSNR: 27.63 | Loss: 6.1405 | lr: 2.50e-04 | Best_PSNR: 27.65 in Epoch [283]
2022-03-30 10:19:20 |[191]solver.py   | Epoch:  313 | PSNR: 27.62 | Loss: 6.1609 | lr: 2.50e-04 | Best_PSNR: 27.65 in Epoch [283]
2022-03-30 10:23:41 |[191]solver.py   | Epoch:  314 | PSNR: 27.60 | Loss: 6.1697 | lr: 2.50e-04 | Best_PSNR: 27.65 in Epoch [283]
2022-03-30 10:28:02 |[191]solver.py   | Epoch:  315 | PSNR: 27.59 | Loss: 6.1393 | lr: 2.50e-04 | Best_PSNR: 27.65 in Epoch [283]
2022-03-30 10:32:27 |[191]solver.py   | Epoch:  316 | PSNR: 27.62 | Loss: 6.1581 | lr: 2.50e-04 | Best_PSNR: 27.65 in Epoch [283]
2022-03-30 10:36:46 |[191]solver.py   | Epoch:  317 | PSNR: 27.64 | Loss: 6.1515 | lr: 2.50e-04 | Best_PSNR: 27.65 in Epoch [283]
2022-03-30 10:41:04 |[191]solver.py   | Epoch:  318 | PSNR: 27.62 | Loss: 6.1589 | lr: 2.50e-04 | Best_PSNR: 27.65 in Epoch [283]
2022-03-30 10:45:23 |[191]solver.py   | Epoch:  319 | PSNR: 27.62 | Loss: 6.1554 | lr: 2.50e-04 | Best_PSNR: 27.65 in Epoch [283]
2022-03-30 10:49:44 |[191]solver.py   | Epoch:  320 | PSNR: 27.53 | Loss: 6.1526 | lr: 2.50e-04 | Best_PSNR: 27.65 in Epoch [283]
2022-03-30 10:54:02 |[191]solver.py   | Epoch:  321 | PSNR: 27.60 | Loss: 6.1442 | lr: 2.50e-04 | Best_PSNR: 27.65 in Epoch [283]
2022-03-30 10:58:21 |[191]solver.py   | Epoch:  322 | PSNR: 27.59 | Loss: 6.1452 | lr: 2.50e-04 | Best_PSNR: 27.65 in Epoch [283]
2022-03-30 11:02:38 |[191]solver.py   | Epoch:  323 | PSNR: 27.59 | Loss: 6.1413 | lr: 2.50e-04 | Best_PSNR: 27.65 in Epoch [283]
2022-03-30 11:06:57 |[191]solver.py   | Epoch:  324 | PSNR: 27.61 | Loss: 6.1516 | lr: 2.50e-04 | Best_PSNR: 27.65 in Epoch [283]
2022-03-30 11:11:13 |[191]solver.py   | Epoch:  325 | PSNR: 27.58 | Loss: 6.1474 | lr: 2.50e-04 | Best_PSNR: 27.65 in Epoch [283]
2022-03-30 11:15:29 |[191]solver.py   | Epoch:  326 | PSNR: 27.60 | Loss: 6.1505 | lr: 2.50e-04 | Best_PSNR: 27.65 in Epoch [283]
2022-03-30 11:19:48 |[191]solver.py   | Epoch:  327 | PSNR: 27.61 | Loss: 6.1614 | lr: 2.50e-04 | Best_PSNR: 27.65 in Epoch [283]
2022-03-30 11:24:08 |[191]solver.py   | Epoch:  328 | PSNR: 27.60 | Loss: 6.1503 | lr: 2.50e-04 | Best_PSNR: 27.65 in Epoch [283]
2022-03-30 11:28:27 |[191]solver.py   | Epoch:  329 | PSNR: 27.57 | Loss: 6.1653 | lr: 2.50e-04 | Best_PSNR: 27.65 in Epoch [283]
2022-03-30 11:32:50 |[191]solver.py   | Epoch:  330 | PSNR: 27.61 | Loss: 6.1539 | lr: 2.50e-04 | Best_PSNR: 27.65 in Epoch [283]
2022-03-30 11:37:10 |[191]solver.py   | Epoch:  331 | PSNR: 27.64 | Loss: 6.1361 | lr: 2.50e-04 | Best_PSNR: 27.65 in Epoch [283]
2022-03-30 11:41:29 |[191]solver.py   | Epoch:  332 | PSNR: 27.64 | Loss: 6.1584 | lr: 2.50e-04 | Best_PSNR: 27.65 in Epoch [283]
2022-03-30 11:45:47 |[191]solver.py   | Epoch:  333 | PSNR: 27.56 | Loss: 6.1568 | lr: 2.50e-04 | Best_PSNR: 27.65 in Epoch [283]
2022-03-30 11:50:06 |[191]solver.py   | Epoch:  334 | PSNR: 27.61 | Loss: 6.1479 | lr: 2.50e-04 | Best_PSNR: 27.65 in Epoch [283]
2022-03-30 11:54:26 |[191]solver.py   | Epoch:  335 | PSNR: 27.61 | Loss: 6.1481 | lr: 2.50e-04 | Best_PSNR: 27.65 in Epoch [283]
2022-03-30 11:58:45 |[191]solver.py   | Epoch:  336 | PSNR: 27.61 | Loss: 6.1498 | lr: 2.50e-04 | Best_PSNR: 27.65 in Epoch [283]
2022-03-30 12:03:05 |[191]solver.py   | Epoch:  337 | PSNR: 27.60 | Loss: 6.1607 | lr: 2.50e-04 | Best_PSNR: 27.65 in Epoch [283]
2022-03-30 12:07:23 |[191]solver.py   | Epoch:  338 | PSNR: 27.64 | Loss: 6.1537 | lr: 2.50e-04 | Best_PSNR: 27.65 in Epoch [283]
2022-03-30 12:11:40 |[191]solver.py   | Epoch:  339 | PSNR: 27.64 | Loss: 6.1512 | lr: 2.50e-04 | Best_PSNR: 27.65 in Epoch [283]
2022-03-30 12:16:00 |[191]solver.py   | Epoch:  340 | PSNR: 27.57 | Loss: 6.1530 | lr: 2.50e-04 | Best_PSNR: 27.65 in Epoch [283]
2022-03-30 12:20:20 |[191]solver.py   | Epoch:  341 | PSNR: 27.59 | Loss: 6.1422 | lr: 2.50e-04 | Best_PSNR: 27.65 in Epoch [283]
2022-03-30 12:24:39 |[191]solver.py   | Epoch:  342 | PSNR: 27.64 | Loss: 6.1326 | lr: 2.50e-04 | Best_PSNR: 27.65 in Epoch [283]
2022-03-30 12:28:57 |[191]solver.py   | Epoch:  343 | PSNR: 27.54 | Loss: 6.1577 | lr: 2.50e-04 | Best_PSNR: 27.65 in Epoch [283]
2022-03-30 12:33:15 |[191]solver.py   | Epoch:  344 | PSNR: 27.62 | Loss: 6.1425 | lr: 2.50e-04 | Best_PSNR: 27.65 in Epoch [283]
2022-03-30 12:37:33 |[191]solver.py   | Epoch:  345 | PSNR: 27.59 | Loss: 6.1564 | lr: 2.50e-04 | Best_PSNR: 27.65 in Epoch [283]
2022-03-30 12:41:52 |[191]solver.py   | Epoch:  346 | PSNR: 27.58 | Loss: 6.1557 | lr: 2.50e-04 | Best_PSNR: 27.65 in Epoch [283]
2022-03-30 12:46:11 |[191]solver.py   | Epoch:  347 | PSNR: 27.64 | Loss: 6.1670 | lr: 2.50e-04 | Best_PSNR: 27.65 in Epoch [283]
2022-03-30 12:50:29 |[191]solver.py   | Epoch:  348 | PSNR: 27.61 | Loss: 6.1609 | lr: 2.50e-04 | Best_PSNR: 27.65 in Epoch [283]
2022-03-30 12:54:47 |[191]solver.py   | Epoch:  349 | PSNR: 27.61 | Loss: 6.1516 | lr: 2.50e-04 | Best_PSNR: 27.65 in Epoch [283]
2022-03-30 12:59:05 |[191]solver.py   | Epoch:  350 | PSNR: 27.60 | Loss: 6.1497 | lr: 2.50e-04 | Best_PSNR: 27.65 in Epoch [283]
2022-03-30 13:03:25 |[191]solver.py   | Epoch:  351 | PSNR: 27.61 | Loss: 6.1544 | lr: 2.50e-04 | Best_PSNR: 27.65 in Epoch [283]
2022-03-30 13:07:45 |[191]solver.py   | Epoch:  352 | PSNR: 27.57 | Loss: 6.1457 | lr: 2.50e-04 | Best_PSNR: 27.65 in Epoch [283]
2022-03-30 13:12:04 |[191]solver.py   | Epoch:  353 | PSNR: 27.59 | Loss: 6.1412 | lr: 2.50e-04 | Best_PSNR: 27.65 in Epoch [283]
2022-03-30 13:16:23 |[191]solver.py   | Epoch:  354 | PSNR: 27.61 | Loss: 6.1492 | lr: 2.50e-04 | Best_PSNR: 27.65 in Epoch [283]
2022-03-30 13:20:41 |[191]solver.py   | Epoch:  355 | PSNR: 27.62 | Loss: 6.1507 | lr: 2.50e-04 | Best_PSNR: 27.65 in Epoch [283]
2022-03-30 13:25:02 |[191]solver.py   | Epoch:  356 | PSNR: 27.62 | Loss: 6.1455 | lr: 2.50e-04 | Best_PSNR: 27.65 in Epoch [283]
2022-03-30 13:29:21 |[191]solver.py   | Epoch:  357 | PSNR: 27.62 | Loss: 6.1220 | lr: 2.50e-04 | Best_PSNR: 27.65 in Epoch [283]
2022-03-30 13:33:40 |[191]solver.py   | Epoch:  358 | PSNR: 27.59 | Loss: 6.1544 | lr: 2.50e-04 | Best_PSNR: 27.65 in Epoch [283]
2022-03-30 13:37:59 |[191]solver.py   | Epoch:  359 | PSNR: 27.61 | Loss: 6.1501 | lr: 2.50e-04 | Best_PSNR: 27.65 in Epoch [283]
2022-03-30 13:42:19 |[191]solver.py   | Epoch:  360 | PSNR: 27.63 | Loss: 6.1396 | lr: 1.25e-04 | Best_PSNR: 27.65 in Epoch [283]
2022-03-30 13:46:39 |[191]solver.py   | Epoch:  361 | PSNR: 27.60 | Loss: 6.1207 | lr: 1.25e-04 | Best_PSNR: 27.65 in Epoch [283]
2022-03-30 13:50:58 |[191]solver.py   | Epoch:  362 | PSNR: 27.61 | Loss: 6.1417 | lr: 1.25e-04 | Best_PSNR: 27.65 in Epoch [283]
2022-03-30 13:55:19 |[191]solver.py   | Epoch:  363 | PSNR: 27.62 | Loss: 6.1330 | lr: 1.25e-04 | Best_PSNR: 27.65 in Epoch [283]
2022-03-30 13:59:41 |[191]solver.py   | Epoch:  364 | PSNR: 27.64 | Loss: 6.1183 | lr: 1.25e-04 | Best_PSNR: 27.65 in Epoch [283]
2022-03-30 14:04:01 |[191]solver.py   | Epoch:  365 | PSNR: 27.65 | Loss: 6.1394 | lr: 1.25e-04 | Best_PSNR: 27.65 in Epoch [365]
2022-03-30 14:08:21 |[191]solver.py   | Epoch:  366 | PSNR: 27.62 | Loss: 6.1411 | lr: 1.25e-04 | Best_PSNR: 27.65 in Epoch [365]
2022-03-30 14:12:39 |[191]solver.py   | Epoch:  367 | PSNR: 27.59 | Loss: 6.1292 | lr: 1.25e-04 | Best_PSNR: 27.65 in Epoch [365]
2022-03-30 14:16:58 |[191]solver.py   | Epoch:  368 | PSNR: 27.59 | Loss: 6.1364 | lr: 1.25e-04 | Best_PSNR: 27.65 in Epoch [365]
2022-03-30 14:21:17 |[191]solver.py   | Epoch:  369 | PSNR: 27.64 | Loss: 6.1293 | lr: 1.25e-04 | Best_PSNR: 27.65 in Epoch [365]
2022-03-30 14:25:38 |[191]solver.py   | Epoch:  370 | PSNR: 27.63 | Loss: 6.1397 | lr: 1.25e-04 | Best_PSNR: 27.65 in Epoch [365]
2022-03-30 14:29:59 |[191]solver.py   | Epoch:  371 | PSNR: 27.61 | Loss: 6.1513 | lr: 1.25e-04 | Best_PSNR: 27.65 in Epoch [365]
2022-03-30 14:34:18 |[191]solver.py   | Epoch:  372 | PSNR: 27.61 | Loss: 6.1296 | lr: 1.25e-04 | Best_PSNR: 27.65 in Epoch [365]
2022-03-30 14:38:38 |[191]solver.py   | Epoch:  373 | PSNR: 27.58 | Loss: 6.1347 | lr: 1.25e-04 | Best_PSNR: 27.65 in Epoch [365]
2022-03-30 14:43:01 |[191]solver.py   | Epoch:  374 | PSNR: 27.62 | Loss: 6.1418 | lr: 1.25e-04 | Best_PSNR: 27.65 in Epoch [365]
2022-03-30 14:47:21 |[191]solver.py   | Epoch:  375 | PSNR: 27.60 | Loss: 6.1293 | lr: 1.25e-04 | Best_PSNR: 27.65 in Epoch [365]
2022-03-30 14:51:40 |[191]solver.py   | Epoch:  376 | PSNR: 27.60 | Loss: 6.1323 | lr: 1.25e-04 | Best_PSNR: 27.65 in Epoch [365]
2022-03-30 14:55:58 |[191]solver.py   | Epoch:  377 | PSNR: 27.64 | Loss: 6.1448 | lr: 1.25e-04 | Best_PSNR: 27.65 in Epoch [365]
2022-03-30 15:00:16 |[191]solver.py   | Epoch:  378 | PSNR: 27.62 | Loss: 6.1305 | lr: 1.25e-04 | Best_PSNR: 27.65 in Epoch [365]
2022-03-30 15:04:36 |[191]solver.py   | Epoch:  379 | PSNR: 27.61 | Loss: 6.1275 | lr: 1.25e-04 | Best_PSNR: 27.65 in Epoch [365]
2022-03-30 15:08:56 |[191]solver.py   | Epoch:  380 | PSNR: 27.61 | Loss: 6.1444 | lr: 1.25e-04 | Best_PSNR: 27.65 in Epoch [365]
2022-03-30 15:13:16 |[191]solver.py   | Epoch:  381 | PSNR: 27.59 | Loss: 6.1489 | lr: 1.25e-04 | Best_PSNR: 27.65 in Epoch [365]
2022-03-30 15:17:38 |[191]solver.py   | Epoch:  382 | PSNR: 27.63 | Loss: 6.1255 | lr: 1.25e-04 | Best_PSNR: 27.65 in Epoch [365]
2022-03-30 15:22:00 |[191]solver.py   | Epoch:  383 | PSNR: 27.61 | Loss: 6.1455 | lr: 1.25e-04 | Best_PSNR: 27.65 in Epoch [365]
2022-03-30 15:26:22 |[191]solver.py   | Epoch:  384 | PSNR: 27.65 | Loss: 6.1352 | lr: 1.25e-04 | Best_PSNR: 27.65 in Epoch [365]
2022-03-30 15:30:45 |[191]solver.py   | Epoch:  385 | PSNR: 27.64 | Loss: 6.1408 | lr: 1.25e-04 | Best_PSNR: 27.65 in Epoch [365]
2022-03-30 15:35:06 |[191]solver.py   | Epoch:  386 | PSNR: 27.63 | Loss: 6.1430 | lr: 1.25e-04 | Best_PSNR: 27.65 in Epoch [365]
2022-03-30 15:39:27 |[191]solver.py   | Epoch:  387 | PSNR: 27.64 | Loss: 6.1303 | lr: 1.25e-04 | Best_PSNR: 27.65 in Epoch [365]
2022-03-30 15:43:50 |[191]solver.py   | Epoch:  388 | PSNR: 27.66 | Loss: 6.1256 | lr: 1.25e-04 | Best_PSNR: 27.66 in Epoch [388]
2022-03-30 15:48:11 |[191]solver.py   | Epoch:  389 | PSNR: 27.61 | Loss: 6.1197 | lr: 1.25e-04 | Best_PSNR: 27.66 in Epoch [388]
2022-03-30 15:52:32 |[191]solver.py   | Epoch:  390 | PSNR: 27.64 | Loss: 6.1352 | lr: 1.25e-04 | Best_PSNR: 27.66 in Epoch [388]
2022-03-30 15:56:51 |[191]solver.py   | Epoch:  391 | PSNR: 27.65 | Loss: 6.1420 | lr: 1.25e-04 | Best_PSNR: 27.66 in Epoch [388]
2022-03-30 16:01:15 |[191]solver.py   | Epoch:  392 | PSNR: 27.60 | Loss: 6.1410 | lr: 1.25e-04 | Best_PSNR: 27.66 in Epoch [388]
2022-03-30 16:05:37 |[191]solver.py   | Epoch:  393 | PSNR: 27.65 | Loss: 6.1283 | lr: 1.25e-04 | Best_PSNR: 27.66 in Epoch [388]
2022-03-30 16:09:59 |[191]solver.py   | Epoch:  394 | PSNR: 27.60 | Loss: 6.1350 | lr: 1.25e-04 | Best_PSNR: 27.66 in Epoch [388]
2022-03-30 16:14:21 |[191]solver.py   | Epoch:  395 | PSNR: 27.61 | Loss: 6.1368 | lr: 1.25e-04 | Best_PSNR: 27.66 in Epoch [388]
2022-03-30 16:18:44 |[191]solver.py   | Epoch:  396 | PSNR: 27.63 | Loss: 6.1480 | lr: 1.25e-04 | Best_PSNR: 27.66 in Epoch [388]
2022-03-30 16:23:04 |[191]solver.py   | Epoch:  397 | PSNR: 27.59 | Loss: 6.1583 | lr: 1.25e-04 | Best_PSNR: 27.66 in Epoch [388]
2022-03-30 16:27:26 |[191]solver.py   | Epoch:  398 | PSNR: 27.66 | Loss: 6.1244 | lr: 1.25e-04 | Best_PSNR: 27.66 in Epoch [388]
2022-03-30 16:31:47 |[191]solver.py   | Epoch:  399 | PSNR: 27.64 | Loss: 6.1230 | lr: 1.25e-04 | Best_PSNR: 27.66 in Epoch [388]
2022-03-30 16:36:08 |[191]solver.py   | Epoch:  400 | PSNR: 27.60 | Loss: 6.1430 | lr: 1.25e-04 | Best_PSNR: 27.66 in Epoch [388]
2022-03-30 16:40:30 |[191]solver.py   | Epoch:  401 | PSNR: 27.65 | Loss: 6.1238 | lr: 1.25e-04 | Best_PSNR: 27.66 in Epoch [388]
2022-03-30 16:44:52 |[191]solver.py   | Epoch:  402 | PSNR: 27.59 | Loss: 6.1192 | lr: 1.25e-04 | Best_PSNR: 27.66 in Epoch [388]
2022-03-30 16:49:14 |[191]solver.py   | Epoch:  403 | PSNR: 27.63 | Loss: 6.1231 | lr: 1.25e-04 | Best_PSNR: 27.66 in Epoch [388]
2022-03-30 16:53:35 |[191]solver.py   | Epoch:  404 | PSNR: 27.63 | Loss: 6.1539 | lr: 1.25e-04 | Best_PSNR: 27.66 in Epoch [388]
2022-03-30 16:57:58 |[191]solver.py   | Epoch:  405 | PSNR: 27.63 | Loss: 6.1362 | lr: 1.25e-04 | Best_PSNR: 27.66 in Epoch [388]
2022-03-30 17:02:21 |[191]solver.py   | Epoch:  406 | PSNR: 27.63 | Loss: 6.1383 | lr: 1.25e-04 | Best_PSNR: 27.66 in Epoch [388]
2022-03-30 17:06:43 |[191]solver.py   | Epoch:  407 | PSNR: 27.64 | Loss: 6.1375 | lr: 1.25e-04 | Best_PSNR: 27.66 in Epoch [388]
2022-03-30 17:11:04 |[191]solver.py   | Epoch:  408 | PSNR: 27.64 | Loss: 6.1335 | lr: 1.25e-04 | Best_PSNR: 27.66 in Epoch [388]
2022-03-30 17:15:28 |[191]solver.py   | Epoch:  409 | PSNR: 27.62 | Loss: 6.1251 | lr: 1.25e-04 | Best_PSNR: 27.66 in Epoch [388]
2022-03-30 17:19:49 |[191]solver.py   | Epoch:  410 | PSNR: 27.64 | Loss: 6.1434 | lr: 1.25e-04 | Best_PSNR: 27.66 in Epoch [388]
2022-03-30 17:24:12 |[191]solver.py   | Epoch:  411 | PSNR: 27.58 | Loss: 6.1393 | lr: 1.25e-04 | Best_PSNR: 27.66 in Epoch [388]
2022-03-30 17:28:35 |[191]solver.py   | Epoch:  412 | PSNR: 27.62 | Loss: 6.1322 | lr: 1.25e-04 | Best_PSNR: 27.66 in Epoch [388]
2022-03-30 17:32:58 |[191]solver.py   | Epoch:  413 | PSNR: 27.61 | Loss: 6.1294 | lr: 1.25e-04 | Best_PSNR: 27.66 in Epoch [388]
2022-03-30 17:37:21 |[191]solver.py   | Epoch:  414 | PSNR: 27.62 | Loss: 6.1266 | lr: 1.25e-04 | Best_PSNR: 27.66 in Epoch [388]
2022-03-30 17:41:43 |[191]solver.py   | Epoch:  415 | PSNR: 27.61 | Loss: 6.1385 | lr: 1.25e-04 | Best_PSNR: 27.66 in Epoch [388]
2022-03-30 17:46:05 |[191]solver.py   | Epoch:  416 | PSNR: 27.63 | Loss: 6.1325 | lr: 1.25e-04 | Best_PSNR: 27.66 in Epoch [388]
2022-03-30 17:50:26 |[191]solver.py   | Epoch:  417 | PSNR: 27.64 | Loss: 6.1270 | lr: 1.25e-04 | Best_PSNR: 27.66 in Epoch [388]
2022-03-30 17:54:47 |[191]solver.py   | Epoch:  418 | PSNR: 27.62 | Loss: 6.1272 | lr: 1.25e-04 | Best_PSNR: 27.66 in Epoch [388]
2022-03-30 17:59:08 |[191]solver.py   | Epoch:  419 | PSNR: 27.63 | Loss: 6.1265 | lr: 1.25e-04 | Best_PSNR: 27.66 in Epoch [388]
2022-03-30 18:03:28 |[191]solver.py   | Epoch:  420 | PSNR: 27.62 | Loss: 6.1345 | lr: 1.25e-04 | Best_PSNR: 27.66 in Epoch [388]
2022-03-30 18:07:50 |[191]solver.py   | Epoch:  421 | PSNR: 27.62 | Loss: 6.1412 | lr: 1.25e-04 | Best_PSNR: 27.66 in Epoch [388]
2022-03-30 18:12:10 |[191]solver.py   | Epoch:  422 | PSNR: 27.62 | Loss: 6.1433 | lr: 1.25e-04 | Best_PSNR: 27.66 in Epoch [388]
2022-03-30 18:16:31 |[191]solver.py   | Epoch:  423 | PSNR: 27.62 | Loss: 6.1243 | lr: 1.25e-04 | Best_PSNR: 27.66 in Epoch [388]
2022-03-30 18:20:52 |[191]solver.py   | Epoch:  424 | PSNR: 27.60 | Loss: 6.1234 | lr: 1.25e-04 | Best_PSNR: 27.66 in Epoch [388]
2022-03-30 18:25:14 |[191]solver.py   | Epoch:  425 | PSNR: 27.62 | Loss: 6.1279 | lr: 1.25e-04 | Best_PSNR: 27.66 in Epoch [388]
2022-03-30 18:29:34 |[191]solver.py   | Epoch:  426 | PSNR: 27.64 | Loss: 6.1336 | lr: 1.25e-04 | Best_PSNR: 27.66 in Epoch [388]
2022-03-30 18:33:56 |[191]solver.py   | Epoch:  427 | PSNR: 27.59 | Loss: 6.1227 | lr: 1.25e-04 | Best_PSNR: 27.66 in Epoch [388]
2022-03-30 18:38:19 |[191]solver.py   | Epoch:  428 | PSNR: 27.59 | Loss: 6.1355 | lr: 1.25e-04 | Best_PSNR: 27.66 in Epoch [388]
2022-03-30 18:42:38 |[191]solver.py   | Epoch:  429 | PSNR: 27.62 | Loss: 6.1243 | lr: 1.25e-04 | Best_PSNR: 27.66 in Epoch [388]
2022-03-30 18:46:59 |[191]solver.py   | Epoch:  430 | PSNR: 27.62 | Loss: 6.1284 | lr: 1.25e-04 | Best_PSNR: 27.66 in Epoch [388]
2022-03-30 18:51:21 |[191]solver.py   | Epoch:  431 | PSNR: 27.63 | Loss: 6.1381 | lr: 1.25e-04 | Best_PSNR: 27.66 in Epoch [388]
2022-03-30 18:55:43 |[191]solver.py   | Epoch:  432 | PSNR: 27.64 | Loss: 6.1132 | lr: 1.25e-04 | Best_PSNR: 27.66 in Epoch [388]
2022-03-30 19:00:04 |[191]solver.py   | Epoch:  433 | PSNR: 27.61 | Loss: 6.1234 | lr: 1.25e-04 | Best_PSNR: 27.66 in Epoch [388]
2022-03-30 19:04:26 |[191]solver.py   | Epoch:  434 | PSNR: 27.64 | Loss: 6.1271 | lr: 1.25e-04 | Best_PSNR: 27.66 in Epoch [388]
2022-03-30 19:08:46 |[191]solver.py   | Epoch:  435 | PSNR: 27.61 | Loss: 6.1356 | lr: 1.25e-04 | Best_PSNR: 27.66 in Epoch [388]
2022-03-30 19:13:06 |[191]solver.py   | Epoch:  436 | PSNR: 27.63 | Loss: 6.1443 | lr: 1.25e-04 | Best_PSNR: 27.66 in Epoch [388]
2022-03-30 19:17:29 |[191]solver.py   | Epoch:  437 | PSNR: 27.63 | Loss: 6.1369 | lr: 1.25e-04 | Best_PSNR: 27.66 in Epoch [388]
2022-03-30 19:21:52 |[191]solver.py   | Epoch:  438 | PSNR: 27.57 | Loss: 6.1144 | lr: 1.25e-04 | Best_PSNR: 27.66 in Epoch [388]
2022-03-30 19:26:11 |[191]solver.py   | Epoch:  439 | PSNR: 27.59 | Loss: 6.1298 | lr: 1.25e-04 | Best_PSNR: 27.66 in Epoch [388]
2022-03-30 19:30:33 |[191]solver.py   | Epoch:  440 | PSNR: 27.59 | Loss: 6.1240 | lr: 1.25e-04 | Best_PSNR: 27.66 in Epoch [388]
2022-03-30 19:34:52 |[191]solver.py   | Epoch:  441 | PSNR: 27.61 | Loss: 6.1407 | lr: 1.25e-04 | Best_PSNR: 27.66 in Epoch [388]
2022-03-30 19:39:12 |[191]solver.py   | Epoch:  442 | PSNR: 27.61 | Loss: 6.1373 | lr: 1.25e-04 | Best_PSNR: 27.66 in Epoch [388]
2022-03-30 19:43:33 |[191]solver.py   | Epoch:  443 | PSNR: 27.59 | Loss: 6.1331 | lr: 1.25e-04 | Best_PSNR: 27.66 in Epoch [388]
2022-03-30 19:47:56 |[191]solver.py   | Epoch:  444 | PSNR: 27.62 | Loss: 6.1443 | lr: 1.25e-04 | Best_PSNR: 27.66 in Epoch [388]
2022-03-30 19:52:13 |[191]solver.py   | Epoch:  445 | PSNR: 27.61 | Loss: 6.1156 | lr: 1.25e-04 | Best_PSNR: 27.66 in Epoch [388]
2022-03-30 19:56:32 |[191]solver.py   | Epoch:  446 | PSNR: 27.62 | Loss: 6.1429 | lr: 1.25e-04 | Best_PSNR: 27.66 in Epoch [388]
2022-03-30 20:00:49 |[191]solver.py   | Epoch:  447 | PSNR: 27.60 | Loss: 6.1459 | lr: 1.25e-04 | Best_PSNR: 27.66 in Epoch [388]
2022-03-30 20:05:04 |[191]solver.py   | Epoch:  448 | PSNR: 27.62 | Loss: 6.1283 | lr: 1.25e-04 | Best_PSNR: 27.66 in Epoch [388]
2022-03-30 20:09:22 |[191]solver.py   | Epoch:  449 | PSNR: 27.64 | Loss: 6.1234 | lr: 1.25e-04 | Best_PSNR: 27.66 in Epoch [388]
2022-03-30 20:13:41 |[191]solver.py   | Epoch:  450 | PSNR: 27.60 | Loss: 6.1325 | lr: 1.25e-04 | Best_PSNR: 27.66 in Epoch [388]
2022-03-30 20:17:59 |[191]solver.py   | Epoch:  451 | PSNR: 27.60 | Loss: 6.1312 | lr: 1.25e-04 | Best_PSNR: 27.66 in Epoch [388]
2022-03-30 20:22:18 |[191]solver.py   | Epoch:  452 | PSNR: 27.61 | Loss: 6.1360 | lr: 1.25e-04 | Best_PSNR: 27.66 in Epoch [388]
2022-03-30 20:26:38 |[191]solver.py   | Epoch:  453 | PSNR: 27.61 | Loss: 6.1411 | lr: 1.25e-04 | Best_PSNR: 27.66 in Epoch [388]
2022-03-30 20:30:58 |[191]solver.py   | Epoch:  454 | PSNR: 27.64 | Loss: 6.1336 | lr: 1.25e-04 | Best_PSNR: 27.66 in Epoch [388]
2022-03-30 20:35:16 |[191]solver.py   | Epoch:  455 | PSNR: 27.64 | Loss: 6.1361 | lr: 1.25e-04 | Best_PSNR: 27.66 in Epoch [388]
2022-03-30 20:39:34 |[191]solver.py   | Epoch:  456 | PSNR: 27.63 | Loss: 6.1266 | lr: 1.25e-04 | Best_PSNR: 27.66 in Epoch [388]
2022-03-30 20:43:53 |[191]solver.py   | Epoch:  457 | PSNR: 27.64 | Loss: 6.1330 | lr: 1.25e-04 | Best_PSNR: 27.66 in Epoch [388]
2022-03-30 20:48:12 |[191]solver.py   | Epoch:  458 | PSNR: 27.61 | Loss: 6.1373 | lr: 1.25e-04 | Best_PSNR: 27.66 in Epoch [388]
2022-03-30 20:52:32 |[191]solver.py   | Epoch:  459 | PSNR: 27.66 | Loss: 6.1338 | lr: 1.25e-04 | Best_PSNR: 27.66 in Epoch [388]
2022-03-30 20:56:51 |[191]solver.py   | Epoch:  460 | PSNR: 27.60 | Loss: 6.1315 | lr: 1.25e-04 | Best_PSNR: 27.66 in Epoch [388]
2022-03-30 21:01:10 |[191]solver.py   | Epoch:  461 | PSNR: 27.65 | Loss: 6.1249 | lr: 1.25e-04 | Best_PSNR: 27.66 in Epoch [388]
2022-03-30 21:05:28 |[191]solver.py   | Epoch:  462 | PSNR: 27.59 | Loss: 6.1361 | lr: 1.25e-04 | Best_PSNR: 27.66 in Epoch [388]
2022-03-30 21:09:47 |[191]solver.py   | Epoch:  463 | PSNR: 27.62 | Loss: 6.1177 | lr: 1.25e-04 | Best_PSNR: 27.66 in Epoch [388]
2022-03-30 21:14:05 |[191]solver.py   | Epoch:  464 | PSNR: 27.62 | Loss: 6.1317 | lr: 1.25e-04 | Best_PSNR: 27.66 in Epoch [388]
2022-03-30 21:18:24 |[191]solver.py   | Epoch:  465 | PSNR: 27.63 | Loss: 6.1330 | lr: 1.25e-04 | Best_PSNR: 27.66 in Epoch [388]
2022-03-30 21:22:40 |[191]solver.py   | Epoch:  466 | PSNR: 27.60 | Loss: 6.1240 | lr: 1.25e-04 | Best_PSNR: 27.66 in Epoch [388]
2022-03-30 21:26:57 |[191]solver.py   | Epoch:  467 | PSNR: 27.56 | Loss: 6.1360 | lr: 1.25e-04 | Best_PSNR: 27.66 in Epoch [388]
2022-03-30 21:31:16 |[191]solver.py   | Epoch:  468 | PSNR: 27.66 | Loss: 6.1363 | lr: 1.25e-04 | Best_PSNR: 27.66 in Epoch [388]
2022-03-30 21:35:35 |[191]solver.py   | Epoch:  469 | PSNR: 27.62 | Loss: 6.1333 | lr: 1.25e-04 | Best_PSNR: 27.66 in Epoch [388]
2022-03-30 21:39:53 |[191]solver.py   | Epoch:  470 | PSNR: 27.62 | Loss: 6.1236 | lr: 1.25e-04 | Best_PSNR: 27.66 in Epoch [388]
2022-03-30 21:44:12 |[191]solver.py   | Epoch:  471 | PSNR: 27.63 | Loss: 6.1378 | lr: 1.25e-04 | Best_PSNR: 27.66 in Epoch [388]
2022-03-30 21:48:33 |[191]solver.py   | Epoch:  472 | PSNR: 27.61 | Loss: 6.1270 | lr: 1.25e-04 | Best_PSNR: 27.66 in Epoch [388]
2022-03-30 21:52:50 |[191]solver.py   | Epoch:  473 | PSNR: 27.63 | Loss: 6.1114 | lr: 1.25e-04 | Best_PSNR: 27.66 in Epoch [388]
2022-03-30 21:57:09 |[191]solver.py   | Epoch:  474 | PSNR: 27.62 | Loss: 6.1197 | lr: 1.25e-04 | Best_PSNR: 27.66 in Epoch [388]
2022-03-30 22:01:28 |[191]solver.py   | Epoch:  475 | PSNR: 27.63 | Loss: 6.1321 | lr: 1.25e-04 | Best_PSNR: 27.66 in Epoch [388]
2022-03-30 22:05:47 |[191]solver.py   | Epoch:  476 | PSNR: 27.62 | Loss: 6.1379 | lr: 1.25e-04 | Best_PSNR: 27.66 in Epoch [388]
2022-03-30 22:10:09 |[191]solver.py   | Epoch:  477 | PSNR: 27.62 | Loss: 6.1184 | lr: 1.25e-04 | Best_PSNR: 27.66 in Epoch [388]
2022-03-30 22:14:29 |[191]solver.py   | Epoch:  478 | PSNR: 27.60 | Loss: 6.1366 | lr: 1.25e-04 | Best_PSNR: 27.66 in Epoch [388]
2022-03-30 22:18:50 |[191]solver.py   | Epoch:  479 | PSNR: 27.59 | Loss: 6.1192 | lr: 1.25e-04 | Best_PSNR: 27.66 in Epoch [388]
2022-03-30 22:23:07 |[191]solver.py   | Epoch:  480 | PSNR: 27.64 | Loss: 6.1256 | lr: 6.25e-05 | Best_PSNR: 27.66 in Epoch [388]
2022-03-30 22:27:25 |[191]solver.py   | Epoch:  481 | PSNR: 27.60 | Loss: 6.1275 | lr: 6.25e-05 | Best_PSNR: 27.66 in Epoch [388]
2022-03-30 22:31:46 |[191]solver.py   | Epoch:  482 | PSNR: 27.64 | Loss: 6.1239 | lr: 6.25e-05 | Best_PSNR: 27.66 in Epoch [388]
2022-03-30 22:36:06 |[191]solver.py   | Epoch:  483 | PSNR: 27.65 | Loss: 6.1230 | lr: 6.25e-05 | Best_PSNR: 27.66 in Epoch [388]
2022-03-30 22:40:27 |[191]solver.py   | Epoch:  484 | PSNR: 27.64 | Loss: 6.1155 | lr: 6.25e-05 | Best_PSNR: 27.66 in Epoch [388]
2022-03-30 22:44:46 |[191]solver.py   | Epoch:  485 | PSNR: 27.60 | Loss: 6.1241 | lr: 6.25e-05 | Best_PSNR: 27.66 in Epoch [388]
2022-03-30 22:49:07 |[191]solver.py   | Epoch:  486 | PSNR: 27.65 | Loss: 6.1241 | lr: 6.25e-05 | Best_PSNR: 27.66 in Epoch [388]
2022-03-30 22:53:26 |[191]solver.py   | Epoch:  487 | PSNR: 27.61 | Loss: 6.1295 | lr: 6.25e-05 | Best_PSNR: 27.66 in Epoch [388]
2022-03-30 22:57:47 |[191]solver.py   | Epoch:  488 | PSNR: 27.65 | Loss: 6.1209 | lr: 6.25e-05 | Best_PSNR: 27.66 in Epoch [388]
2022-03-30 23:02:07 |[191]solver.py   | Epoch:  489 | PSNR: 27.65 | Loss: 6.1144 | lr: 6.25e-05 | Best_PSNR: 27.66 in Epoch [388]
2022-03-30 23:06:26 |[191]solver.py   | Epoch:  490 | PSNR: 27.63 | Loss: 6.1299 | lr: 6.25e-05 | Best_PSNR: 27.66 in Epoch [388]
2022-03-30 23:10:43 |[191]solver.py   | Epoch:  491 | PSNR: 27.60 | Loss: 6.1115 | lr: 6.25e-05 | Best_PSNR: 27.66 in Epoch [388]
2022-03-30 23:15:05 |[191]solver.py   | Epoch:  492 | PSNR: 27.64 | Loss: 6.1298 | lr: 6.25e-05 | Best_PSNR: 27.66 in Epoch [388]
2022-03-30 23:19:25 |[191]solver.py   | Epoch:  493 | PSNR: 27.65 | Loss: 6.1120 | lr: 6.25e-05 | Best_PSNR: 27.66 in Epoch [388]
2022-03-30 23:23:44 |[191]solver.py   | Epoch:  494 | PSNR: 27.64 | Loss: 6.1198 | lr: 6.25e-05 | Best_PSNR: 27.66 in Epoch [388]
2022-03-30 23:28:04 |[191]solver.py   | Epoch:  495 | PSNR: 27.63 | Loss: 6.1297 | lr: 6.25e-05 | Best_PSNR: 27.66 in Epoch [388]
2022-03-30 23:32:26 |[191]solver.py   | Epoch:  496 | PSNR: 27.60 | Loss: 6.1329 | lr: 6.25e-05 | Best_PSNR: 27.66 in Epoch [388]
2022-03-30 23:36:44 |[191]solver.py   | Epoch:  497 | PSNR: 27.63 | Loss: 6.1153 | lr: 6.25e-05 | Best_PSNR: 27.66 in Epoch [388]
2022-03-30 23:41:04 |[191]solver.py   | Epoch:  498 | PSNR: 27.60 | Loss: 6.1277 | lr: 6.25e-05 | Best_PSNR: 27.66 in Epoch [388]
2022-03-30 23:45:25 |[191]solver.py   | Epoch:  499 | PSNR: 27.63 | Loss: 6.1299 | lr: 6.25e-05 | Best_PSNR: 27.66 in Epoch [388]
2022-03-30 23:49:43 |[191]solver.py   | Epoch:  500 | PSNR: 27.62 | Loss: 6.0978 | lr: 6.25e-05 | Best_PSNR: 27.66 in Epoch [388]
2022-03-30 23:54:02 |[191]solver.py   | Epoch:  501 | PSNR: 27.62 | Loss: 6.1133 | lr: 6.25e-05 | Best_PSNR: 27.66 in Epoch [388]
2022-03-30 23:58:22 |[191]solver.py   | Epoch:  502 | PSNR: 27.61 | Loss: 6.1311 | lr: 6.25e-05 | Best_PSNR: 27.66 in Epoch [388]
2022-03-31 00:02:41 |[191]solver.py   | Epoch:  503 | PSNR: 27.64 | Loss: 6.1100 | lr: 6.25e-05 | Best_PSNR: 27.66 in Epoch [388]
2022-03-31 00:06:59 |[191]solver.py   | Epoch:  504 | PSNR: 27.62 | Loss: 6.1274 | lr: 6.25e-05 | Best_PSNR: 27.66 in Epoch [388]
2022-03-31 00:11:19 |[191]solver.py   | Epoch:  505 | PSNR: 27.65 | Loss: 6.1274 | lr: 6.25e-05 | Best_PSNR: 27.66 in Epoch [388]
2022-03-31 00:15:38 |[191]solver.py   | Epoch:  506 | PSNR: 27.60 | Loss: 6.1116 | lr: 6.25e-05 | Best_PSNR: 27.66 in Epoch [388]
2022-03-31 00:19:57 |[191]solver.py   | Epoch:  507 | PSNR: 27.61 | Loss: 6.1108 | lr: 6.25e-05 | Best_PSNR: 27.66 in Epoch [388]
2022-03-31 00:24:16 |[191]solver.py   | Epoch:  508 | PSNR: 27.65 | Loss: 6.1195 | lr: 6.25e-05 | Best_PSNR: 27.66 in Epoch [388]
2022-03-31 00:28:36 |[191]solver.py   | Epoch:  509 | PSNR: 27.65 | Loss: 6.1309 | lr: 6.25e-05 | Best_PSNR: 27.66 in Epoch [388]
2022-03-31 00:32:55 |[191]solver.py   | Epoch:  510 | PSNR: 27.64 | Loss: 6.1185 | lr: 6.25e-05 | Best_PSNR: 27.66 in Epoch [388]
2022-03-31 00:37:16 |[191]solver.py   | Epoch:  511 | PSNR: 27.61 | Loss: 6.1241 | lr: 6.25e-05 | Best_PSNR: 27.66 in Epoch [388]
2022-03-31 00:41:34 |[191]solver.py   | Epoch:  512 | PSNR: 27.58 | Loss: 6.1258 | lr: 6.25e-05 | Best_PSNR: 27.66 in Epoch [388]
2022-03-31 00:45:53 |[191]solver.py   | Epoch:  513 | PSNR: 27.64 | Loss: 6.1274 | lr: 6.25e-05 | Best_PSNR: 27.66 in Epoch [388]
2022-03-31 00:50:08 |[191]solver.py   | Epoch:  514 | PSNR: 27.64 | Loss: 6.1125 | lr: 6.25e-05 | Best_PSNR: 27.66 in Epoch [388]
2022-03-31 00:54:26 |[191]solver.py   | Epoch:  515 | PSNR: 27.64 | Loss: 6.1252 | lr: 6.25e-05 | Best_PSNR: 27.66 in Epoch [388]
2022-03-31 00:58:46 |[191]solver.py   | Epoch:  516 | PSNR: 27.64 | Loss: 6.1073 | lr: 6.25e-05 | Best_PSNR: 27.66 in Epoch [388]
2022-03-31 01:03:04 |[191]solver.py   | Epoch:  517 | PSNR: 27.61 | Loss: 6.1300 | lr: 6.25e-05 | Best_PSNR: 27.66 in Epoch [388]
2022-03-31 01:07:25 |[191]solver.py   | Epoch:  518 | PSNR: 27.65 | Loss: 6.1287 | lr: 6.25e-05 | Best_PSNR: 27.66 in Epoch [388]
2022-03-31 01:11:44 |[191]solver.py   | Epoch:  519 | PSNR: 27.61 | Loss: 6.1252 | lr: 6.25e-05 | Best_PSNR: 27.66 in Epoch [388]
2022-03-31 01:16:04 |[191]solver.py   | Epoch:  520 | PSNR: 27.64 | Loss: 6.1175 | lr: 6.25e-05 | Best_PSNR: 27.66 in Epoch [388]
2022-03-31 01:20:23 |[191]solver.py   | Epoch:  521 | PSNR: 27.59 | Loss: 6.1222 | lr: 6.25e-05 | Best_PSNR: 27.66 in Epoch [388]
2022-03-31 01:24:43 |[191]solver.py   | Epoch:  522 | PSNR: 27.65 | Loss: 6.1193 | lr: 6.25e-05 | Best_PSNR: 27.66 in Epoch [388]
2022-03-31 01:29:01 |[191]solver.py   | Epoch:  523 | PSNR: 27.62 | Loss: 6.1154 | lr: 6.25e-05 | Best_PSNR: 27.66 in Epoch [388]
2022-03-31 01:33:20 |[191]solver.py   | Epoch:  524 | PSNR: 27.66 | Loss: 6.1241 | lr: 6.25e-05 | Best_PSNR: 27.66 in Epoch [388]
2022-03-31 01:37:41 |[191]solver.py   | Epoch:  525 | PSNR: 27.62 | Loss: 6.1226 | lr: 6.25e-05 | Best_PSNR: 27.66 in Epoch [388]
2022-03-31 01:42:00 |[191]solver.py   | Epoch:  526 | PSNR: 27.65 | Loss: 6.1266 | lr: 6.25e-05 | Best_PSNR: 27.66 in Epoch [388]
2022-03-31 01:46:18 |[191]solver.py   | Epoch:  527 | PSNR: 27.60 | Loss: 6.1214 | lr: 6.25e-05 | Best_PSNR: 27.66 in Epoch [388]
2022-03-31 01:50:37 |[191]solver.py   | Epoch:  528 | PSNR: 27.61 | Loss: 6.1313 | lr: 6.25e-05 | Best_PSNR: 27.66 in Epoch [388]
2022-03-31 01:54:56 |[191]solver.py   | Epoch:  529 | PSNR: 27.65 | Loss: 6.1370 | lr: 6.25e-05 | Best_PSNR: 27.66 in Epoch [388]
2022-03-31 01:59:17 |[191]solver.py   | Epoch:  530 | PSNR: 27.61 | Loss: 6.1250 | lr: 6.25e-05 | Best_PSNR: 27.66 in Epoch [388]
2022-03-31 02:03:39 |[191]solver.py   | Epoch:  531 | PSNR: 27.58 | Loss: 6.0998 | lr: 6.25e-05 | Best_PSNR: 27.66 in Epoch [388]
2022-03-31 02:07:59 |[191]solver.py   | Epoch:  532 | PSNR: 27.62 | Loss: 6.1179 | lr: 6.25e-05 | Best_PSNR: 27.66 in Epoch [388]
2022-03-31 02:12:20 |[191]solver.py   | Epoch:  533 | PSNR: 27.60 | Loss: 6.1254 | lr: 6.25e-05 | Best_PSNR: 27.66 in Epoch [388]
2022-03-31 02:16:41 |[191]solver.py   | Epoch:  534 | PSNR: 27.62 | Loss: 6.1181 | lr: 6.25e-05 | Best_PSNR: 27.66 in Epoch [388]
2022-03-31 02:21:03 |[191]solver.py   | Epoch:  535 | PSNR: 27.61 | Loss: 6.1197 | lr: 6.25e-05 | Best_PSNR: 27.66 in Epoch [388]
2022-03-31 02:25:26 |[191]solver.py   | Epoch:  536 | PSNR: 27.63 | Loss: 6.1211 | lr: 6.25e-05 | Best_PSNR: 27.66 in Epoch [388]
2022-03-31 02:29:45 |[191]solver.py   | Epoch:  537 | PSNR: 27.64 | Loss: 6.1197 | lr: 6.25e-05 | Best_PSNR: 27.66 in Epoch [388]
2022-03-31 02:34:07 |[191]solver.py   | Epoch:  538 | PSNR: 27.64 | Loss: 6.1259 | lr: 6.25e-05 | Best_PSNR: 27.66 in Epoch [388]
2022-03-31 02:38:26 |[191]solver.py   | Epoch:  539 | PSNR: 27.63 | Loss: 6.1261 | lr: 6.25e-05 | Best_PSNR: 27.66 in Epoch [388]
2022-03-31 02:42:45 |[191]solver.py   | Epoch:  540 | PSNR: 27.64 | Loss: 6.1231 | lr: 6.25e-05 | Best_PSNR: 27.66 in Epoch [388]
2022-03-31 02:47:05 |[191]solver.py   | Epoch:  541 | PSNR: 27.63 | Loss: 6.1153 | lr: 6.25e-05 | Best_PSNR: 27.66 in Epoch [388]
2022-03-31 02:51:27 |[191]solver.py   | Epoch:  542 | PSNR: 27.64 | Loss: 6.1251 | lr: 6.25e-05 | Best_PSNR: 27.66 in Epoch [388]
2022-03-31 02:55:48 |[191]solver.py   | Epoch:  543 | PSNR: 27.63 | Loss: 6.1063 | lr: 6.25e-05 | Best_PSNR: 27.66 in Epoch [388]
2022-03-31 03:00:07 |[191]solver.py   | Epoch:  544 | PSNR: 27.64 | Loss: 6.1150 | lr: 6.25e-05 | Best_PSNR: 27.66 in Epoch [388]
2022-03-31 03:04:28 |[191]solver.py   | Epoch:  545 | PSNR: 27.63 | Loss: 6.1234 | lr: 6.25e-05 | Best_PSNR: 27.66 in Epoch [388]
2022-03-31 03:08:49 |[191]solver.py   | Epoch:  546 | PSNR: 27.63 | Loss: 6.1231 | lr: 6.25e-05 | Best_PSNR: 27.66 in Epoch [388]
2022-03-31 03:13:11 |[191]solver.py   | Epoch:  547 | PSNR: 27.61 | Loss: 6.1243 | lr: 6.25e-05 | Best_PSNR: 27.66 in Epoch [388]
2022-03-31 03:17:34 |[191]solver.py   | Epoch:  548 | PSNR: 27.65 | Loss: 6.1312 | lr: 6.25e-05 | Best_PSNR: 27.66 in Epoch [388]
2022-03-31 03:21:59 |[191]solver.py   | Epoch:  549 | PSNR: 27.63 | Loss: 6.1314 | lr: 6.25e-05 | Best_PSNR: 27.66 in Epoch [388]
2022-03-31 03:26:20 |[191]solver.py   | Epoch:  550 | PSNR: 27.63 | Loss: 6.1254 | lr: 6.25e-05 | Best_PSNR: 27.66 in Epoch [388]
2022-03-31 03:30:40 |[191]solver.py   | Epoch:  551 | PSNR: 27.65 | Loss: 6.1241 | lr: 6.25e-05 | Best_PSNR: 27.66 in Epoch [388]
2022-03-31 03:35:01 |[191]solver.py   | Epoch:  552 | PSNR: 27.64 | Loss: 6.1279 | lr: 6.25e-05 | Best_PSNR: 27.66 in Epoch [388]
2022-03-31 03:39:23 |[191]solver.py   | Epoch:  553 | PSNR: 27.63 | Loss: 6.1159 | lr: 6.25e-05 | Best_PSNR: 27.66 in Epoch [388]
2022-03-31 03:43:44 |[191]solver.py   | Epoch:  554 | PSNR: 27.62 | Loss: 6.1322 | lr: 6.25e-05 | Best_PSNR: 27.66 in Epoch [388]
2022-03-31 03:48:04 |[191]solver.py   | Epoch:  555 | PSNR: 27.65 | Loss: 6.1243 | lr: 6.25e-05 | Best_PSNR: 27.66 in Epoch [388]
2022-03-31 03:52:23 |[191]solver.py   | Epoch:  556 | PSNR: 27.60 | Loss: 6.1233 | lr: 6.25e-05 | Best_PSNR: 27.66 in Epoch [388]
2022-03-31 03:56:46 |[191]solver.py   | Epoch:  557 | PSNR: 27.64 | Loss: 6.1191 | lr: 6.25e-05 | Best_PSNR: 27.66 in Epoch [388]
2022-03-31 04:01:10 |[191]solver.py   | Epoch:  558 | PSNR: 27.62 | Loss: 6.1197 | lr: 6.25e-05 | Best_PSNR: 27.66 in Epoch [388]
2022-03-31 04:05:28 |[191]solver.py   | Epoch:  559 | PSNR: 27.62 | Loss: 6.1148 | lr: 6.25e-05 | Best_PSNR: 27.66 in Epoch [388]
2022-03-31 04:09:49 |[191]solver.py   | Epoch:  560 | PSNR: 27.62 | Loss: 6.1227 | lr: 6.25e-05 | Best_PSNR: 27.66 in Epoch [388]
2022-03-31 04:14:11 |[191]solver.py   | Epoch:  561 | PSNR: 27.64 | Loss: 6.1250 | lr: 6.25e-05 | Best_PSNR: 27.66 in Epoch [388]
2022-03-31 04:18:32 |[191]solver.py   | Epoch:  562 | PSNR: 27.64 | Loss: 6.1331 | lr: 6.25e-05 | Best_PSNR: 27.66 in Epoch [388]
2022-03-31 04:22:50 |[191]solver.py   | Epoch:  563 | PSNR: 27.63 | Loss: 6.1215 | lr: 6.25e-05 | Best_PSNR: 27.66 in Epoch [388]
2022-03-31 04:27:11 |[191]solver.py   | Epoch:  564 | PSNR: 27.65 | Loss: 6.1350 | lr: 6.25e-05 | Best_PSNR: 27.66 in Epoch [388]
2022-03-31 04:31:31 |[191]solver.py   | Epoch:  565 | PSNR: 27.60 | Loss: 6.1245 | lr: 6.25e-05 | Best_PSNR: 27.66 in Epoch [388]
2022-03-31 04:35:52 |[191]solver.py   | Epoch:  566 | PSNR: 27.62 | Loss: 6.1207 | lr: 6.25e-05 | Best_PSNR: 27.66 in Epoch [388]
2022-03-31 04:40:11 |[191]solver.py   | Epoch:  567 | PSNR: 27.64 | Loss: 6.1326 | lr: 6.25e-05 | Best_PSNR: 27.66 in Epoch [388]
2022-03-31 04:44:29 |[191]solver.py   | Epoch:  568 | PSNR: 27.65 | Loss: 6.1102 | lr: 6.25e-05 | Best_PSNR: 27.66 in Epoch [388]
2022-03-31 04:48:48 |[191]solver.py   | Epoch:  569 | PSNR: 27.64 | Loss: 6.1187 | lr: 6.25e-05 | Best_PSNR: 27.66 in Epoch [388]
2022-03-31 04:53:08 |[191]solver.py   | Epoch:  570 | PSNR: 27.66 | Loss: 6.1186 | lr: 6.25e-05 | Best_PSNR: 27.66 in Epoch [388]
2022-03-31 04:57:26 |[191]solver.py   | Epoch:  571 | PSNR: 27.64 | Loss: 6.1292 | lr: 6.25e-05 | Best_PSNR: 27.66 in Epoch [388]
2022-03-31 05:01:45 |[191]solver.py   | Epoch:  572 | PSNR: 27.64 | Loss: 6.1261 | lr: 6.25e-05 | Best_PSNR: 27.66 in Epoch [388]
2022-03-31 05:06:02 |[191]solver.py   | Epoch:  573 | PSNR: 27.63 | Loss: 6.1222 | lr: 6.25e-05 | Best_PSNR: 27.66 in Epoch [388]
2022-03-31 05:10:20 |[191]solver.py   | Epoch:  574 | PSNR: 27.61 | Loss: 6.1280 | lr: 6.25e-05 | Best_PSNR: 27.66 in Epoch [388]
2022-03-31 05:14:38 |[191]solver.py   | Epoch:  575 | PSNR: 27.64 | Loss: 6.1038 | lr: 6.25e-05 | Best_PSNR: 27.66 in Epoch [388]
2022-03-31 05:18:55 |[191]solver.py   | Epoch:  576 | PSNR: 27.64 | Loss: 6.1163 | lr: 6.25e-05 | Best_PSNR: 27.66 in Epoch [388]
2022-03-31 05:23:12 |[191]solver.py   | Epoch:  577 | PSNR: 27.63 | Loss: 6.1267 | lr: 6.25e-05 | Best_PSNR: 27.66 in Epoch [388]
2022-03-31 05:27:30 |[191]solver.py   | Epoch:  578 | PSNR: 27.64 | Loss: 6.1247 | lr: 6.25e-05 | Best_PSNR: 27.66 in Epoch [388]
2022-03-31 05:31:49 |[191]solver.py   | Epoch:  579 | PSNR: 27.64 | Loss: 6.1190 | lr: 6.25e-05 | Best_PSNR: 27.66 in Epoch [388]
2022-03-31 05:36:08 |[191]solver.py   | Epoch:  580 | PSNR: 27.63 | Loss: 6.1090 | lr: 6.25e-05 | Best_PSNR: 27.66 in Epoch [388]
2022-03-31 05:40:29 |[191]solver.py   | Epoch:  581 | PSNR: 27.60 | Loss: 6.1310 | lr: 6.25e-05 | Best_PSNR: 27.66 in Epoch [388]
2022-03-31 05:44:48 |[191]solver.py   | Epoch:  582 | PSNR: 27.62 | Loss: 6.1212 | lr: 6.25e-05 | Best_PSNR: 27.66 in Epoch [388]
2022-03-31 05:49:08 |[191]solver.py   | Epoch:  583 | PSNR: 27.65 | Loss: 6.1066 | lr: 6.25e-05 | Best_PSNR: 27.66 in Epoch [388]
2022-03-31 05:53:27 |[191]solver.py   | Epoch:  584 | PSNR: 27.61 | Loss: 6.1216 | lr: 6.25e-05 | Best_PSNR: 27.66 in Epoch [388]
2022-03-31 05:57:45 |[191]solver.py   | Epoch:  585 | PSNR: 27.64 | Loss: 6.1226 | lr: 6.25e-05 | Best_PSNR: 27.66 in Epoch [388]
2022-03-31 06:02:04 |[191]solver.py   | Epoch:  586 | PSNR: 27.66 | Loss: 6.1171 | lr: 6.25e-05 | Best_PSNR: 27.66 in Epoch [388]
2022-03-31 06:06:23 |[191]solver.py   | Epoch:  587 | PSNR: 27.61 | Loss: 6.1088 | lr: 6.25e-05 | Best_PSNR: 27.66 in Epoch [388]
2022-03-31 06:10:41 |[191]solver.py   | Epoch:  588 | PSNR: 27.63 | Loss: 6.1223 | lr: 6.25e-05 | Best_PSNR: 27.66 in Epoch [388]
2022-03-31 06:14:59 |[191]solver.py   | Epoch:  589 | PSNR: 27.64 | Loss: 6.1257 | lr: 6.25e-05 | Best_PSNR: 27.66 in Epoch [388]
2022-03-31 06:19:24 |[191]solver.py   | Epoch:  590 | PSNR: 27.62 | Loss: 6.1197 | lr: 6.25e-05 | Best_PSNR: 27.66 in Epoch [388]
2022-03-31 06:23:44 |[191]solver.py   | Epoch:  591 | PSNR: 27.63 | Loss: 6.1226 | lr: 6.25e-05 | Best_PSNR: 27.66 in Epoch [388]
2022-03-31 06:28:03 |[191]solver.py   | Epoch:  592 | PSNR: 27.61 | Loss: 6.1291 | lr: 6.25e-05 | Best_PSNR: 27.66 in Epoch [388]
2022-03-31 06:32:21 |[191]solver.py   | Epoch:  593 | PSNR: 27.63 | Loss: 6.1307 | lr: 6.25e-05 | Best_PSNR: 27.66 in Epoch [388]
2022-03-31 06:36:40 |[191]solver.py   | Epoch:  594 | PSNR: 27.64 | Loss: 6.1347 | lr: 6.25e-05 | Best_PSNR: 27.66 in Epoch [388]
2022-03-31 06:41:00 |[191]solver.py   | Epoch:  595 | PSNR: 27.64 | Loss: 6.1243 | lr: 6.25e-05 | Best_PSNR: 27.66 in Epoch [388]
2022-03-31 06:45:20 |[191]solver.py   | Epoch:  596 | PSNR: 27.63 | Loss: 6.1116 | lr: 6.25e-05 | Best_PSNR: 27.66 in Epoch [388]
2022-03-31 06:49:40 |[191]solver.py   | Epoch:  597 | PSNR: 27.63 | Loss: 6.1289 | lr: 6.25e-05 | Best_PSNR: 27.66 in Epoch [388]
2022-03-31 06:53:58 |[191]solver.py   | Epoch:  598 | PSNR: 27.65 | Loss: 6.1121 | lr: 6.25e-05 | Best_PSNR: 27.66 in Epoch [388]
2022-03-31 06:58:16 |[191]solver.py   | Epoch:  599 | PSNR: 27.62 | Loss: 6.1133 | lr: 6.25e-05 | Best_PSNR: 27.66 in Epoch [388]
