2022-03-31 08:03:37 |[048]options.py  | Create directory: ./experiment
2022-03-31 08:03:37 |[048]options.py  | Create directory: ./experiment/qsrm_x4_perceptual
2022-03-31 08:03:37 |[048]options.py  | Create directory: ./experiment/qsrm_x4_perceptual/best_status
2022-03-31 08:03:37 |[048]options.py  | Create directory: ./experiment/qsrm_x4_perceptual/visual
2022-03-31 08:03:37 |[057]options.py  | Available gpu: 0
2022-03-31 08:03:37 |[048]train.py    | Create train dataset successfully!
2022-03-31 08:03:37 |[049]train.py    | Training: [10093] iterations for each epoch
2022-03-31 08:03:37 |[052]train.py    | Create val dataset successfully!
2022-03-31 08:03:37 |[053]train.py    | Validating: [898] iterations for each epoch
2022-03-31 08:03:37 |[056]train.py    | Preparing for experiment: [qsrm_x4_perceptual]
2022-03-31 08:03:39 |[115]solver.py   | Create model successfully! Params: [72.54]K
2022-03-31 08:03:39 |[060]train.py    | Start training...
2022-03-31 08:19:57 |[212]solver.py   | Epoch:    0 | PSNR: 27.12 | Loss: 7.5172 | lr: 1.00e-03 | Best_PSNR: 27.12 in Epoch [0]
2022-03-31 08:36:13 |[212]solver.py   | Epoch:    1 | PSNR: 27.29 | Loss: 7.2260 | lr: 1.00e-03 | Best_PSNR: 27.29 in Epoch [1]
2022-03-31 08:52:29 |[212]solver.py   | Epoch:    2 | PSNR: 27.39 | Loss: 7.1119 | lr: 1.00e-03 | Best_PSNR: 27.39 in Epoch [2]
2022-03-31 09:08:43 |[212]solver.py   | Epoch:    3 | PSNR: 27.45 | Loss: 7.0619 | lr: 1.00e-03 | Best_PSNR: 27.45 in Epoch [3]
2022-03-31 09:24:53 |[212]solver.py   | Epoch:    4 | PSNR: 27.46 | Loss: 7.0313 | lr: 1.00e-03 | Best_PSNR: 27.46 in Epoch [4]
2022-03-31 09:41:02 |[212]solver.py   | Epoch:    5 | PSNR: 27.43 | Loss: 7.0318 | lr: 1.00e-03 | Best_PSNR: 27.46 in Epoch [4]
2022-03-31 09:57:09 |[212]solver.py   | Epoch:    6 | PSNR: 27.51 | Loss: 7.0007 | lr: 1.00e-03 | Best_PSNR: 27.51 in Epoch [6]
2022-03-31 10:13:20 |[212]solver.py   | Epoch:    7 | PSNR: 27.38 | Loss: 6.9974 | lr: 1.00e-03 | Best_PSNR: 27.51 in Epoch [6]
2022-03-31 10:29:29 |[212]solver.py   | Epoch:    8 | PSNR: 27.45 | Loss: 6.9886 | lr: 1.00e-03 | Best_PSNR: 27.51 in Epoch [6]
2022-03-31 10:45:36 |[212]solver.py   | Epoch:    9 | PSNR: 27.44 | Loss: 6.9804 | lr: 1.00e-03 | Best_PSNR: 27.51 in Epoch [6]
2022-03-31 11:01:45 |[212]solver.py   | Epoch:   10 | PSNR: 27.44 | Loss: 6.9895 | lr: 1.00e-03 | Best_PSNR: 27.51 in Epoch [6]
2022-03-31 11:17:55 |[212]solver.py   | Epoch:   11 | PSNR: 27.50 | Loss: 6.9866 | lr: 1.00e-03 | Best_PSNR: 27.51 in Epoch [6]
2022-03-31 11:34:06 |[212]solver.py   | Epoch:   12 | PSNR: 27.41 | Loss: 6.9669 | lr: 1.00e-03 | Best_PSNR: 27.51 in Epoch [6]
2022-03-31 11:50:14 |[212]solver.py   | Epoch:   13 | PSNR: 27.43 | Loss: 6.9580 | lr: 1.00e-03 | Best_PSNR: 27.51 in Epoch [6]
2022-03-31 12:06:23 |[212]solver.py   | Epoch:   14 | PSNR: 27.45 | Loss: 6.9551 | lr: 1.00e-03 | Best_PSNR: 27.51 in Epoch [6]
2022-03-31 12:22:27 |[212]solver.py   | Epoch:   15 | PSNR: 27.50 | Loss: 6.9684 | lr: 1.00e-03 | Best_PSNR: 27.51 in Epoch [6]
2022-03-31 12:38:33 |[212]solver.py   | Epoch:   16 | PSNR: 27.43 | Loss: 6.9474 | lr: 1.00e-03 | Best_PSNR: 27.51 in Epoch [6]
2022-03-31 12:54:45 |[212]solver.py   | Epoch:   17 | PSNR: 27.52 | Loss: 6.9556 | lr: 1.00e-03 | Best_PSNR: 27.52 in Epoch [17]
2022-03-31 13:10:55 |[212]solver.py   | Epoch:   18 | PSNR: 27.43 | Loss: 6.9438 | lr: 1.00e-03 | Best_PSNR: 27.52 in Epoch [17]
2022-03-31 13:27:05 |[212]solver.py   | Epoch:   19 | PSNR: 27.45 | Loss: 6.9495 | lr: 1.00e-03 | Best_PSNR: 27.52 in Epoch [17]
2022-03-31 13:43:10 |[212]solver.py   | Epoch:   20 | PSNR: 27.46 | Loss: 6.9323 | lr: 1.00e-03 | Best_PSNR: 27.52 in Epoch [17]
2022-03-31 13:59:19 |[212]solver.py   | Epoch:   21 | PSNR: 27.51 | Loss: 6.9420 | lr: 1.00e-03 | Best_PSNR: 27.52 in Epoch [17]
2022-03-31 14:15:31 |[212]solver.py   | Epoch:   22 | PSNR: 27.48 | Loss: 6.9464 | lr: 1.00e-03 | Best_PSNR: 27.52 in Epoch [17]
2022-03-31 14:31:41 |[212]solver.py   | Epoch:   23 | PSNR: 27.51 | Loss: 6.9515 | lr: 1.00e-03 | Best_PSNR: 27.52 in Epoch [17]
2022-03-31 14:47:53 |[212]solver.py   | Epoch:   24 | PSNR: 27.50 | Loss: 6.9352 | lr: 1.00e-03 | Best_PSNR: 27.52 in Epoch [17]
2022-03-31 15:04:05 |[212]solver.py   | Epoch:   25 | PSNR: 27.51 | Loss: 6.9265 | lr: 1.00e-03 | Best_PSNR: 27.52 in Epoch [17]
2022-03-31 15:20:19 |[212]solver.py   | Epoch:   26 | PSNR: 27.53 | Loss: 6.9349 | lr: 1.00e-03 | Best_PSNR: 27.53 in Epoch [26]
2022-03-31 15:36:30 |[212]solver.py   | Epoch:   27 | PSNR: 27.50 | Loss: 6.9332 | lr: 1.00e-03 | Best_PSNR: 27.53 in Epoch [26]
2022-03-31 15:52:40 |[212]solver.py   | Epoch:   28 | PSNR: 27.44 | Loss: 6.9534 | lr: 1.00e-03 | Best_PSNR: 27.53 in Epoch [26]
2022-03-31 16:08:52 |[212]solver.py   | Epoch:   29 | PSNR: 27.56 | Loss: 6.9202 | lr: 1.00e-03 | Best_PSNR: 27.56 in Epoch [29]
2022-03-31 16:25:05 |[212]solver.py   | Epoch:   30 | PSNR: 27.50 | Loss: 6.9300 | lr: 1.00e-03 | Best_PSNR: 27.56 in Epoch [29]
2022-03-31 16:41:17 |[212]solver.py   | Epoch:   31 | PSNR: 27.53 | Loss: 6.9208 | lr: 1.00e-03 | Best_PSNR: 27.56 in Epoch [29]
2022-03-31 16:57:26 |[212]solver.py   | Epoch:   32 | PSNR: 27.55 | Loss: 6.9144 | lr: 1.00e-03 | Best_PSNR: 27.56 in Epoch [29]
2022-03-31 17:13:30 |[212]solver.py   | Epoch:   33 | PSNR: 27.49 | Loss: 6.9292 | lr: 1.00e-03 | Best_PSNR: 27.56 in Epoch [29]
2022-03-31 17:29:40 |[212]solver.py   | Epoch:   34 | PSNR: 27.44 | Loss: 6.9368 | lr: 1.00e-03 | Best_PSNR: 27.56 in Epoch [29]
2022-03-31 17:45:42 |[212]solver.py   | Epoch:   35 | PSNR: 27.51 | Loss: 6.9371 | lr: 1.00e-03 | Best_PSNR: 27.56 in Epoch [29]
2022-03-31 18:01:54 |[212]solver.py   | Epoch:   36 | PSNR: 27.54 | Loss: 6.9234 | lr: 1.00e-03 | Best_PSNR: 27.56 in Epoch [29]
2022-03-31 18:18:04 |[212]solver.py   | Epoch:   37 | PSNR: 27.53 | Loss: 6.9087 | lr: 1.00e-03 | Best_PSNR: 27.56 in Epoch [29]
2022-03-31 18:34:14 |[212]solver.py   | Epoch:   38 | PSNR: 27.54 | Loss: 6.9308 | lr: 1.00e-03 | Best_PSNR: 27.56 in Epoch [29]
2022-03-31 18:50:20 |[212]solver.py   | Epoch:   39 | PSNR: 27.43 | Loss: 6.9182 | lr: 1.00e-03 | Best_PSNR: 27.56 in Epoch [29]
2022-03-31 19:06:26 |[212]solver.py   | Epoch:   40 | PSNR: 27.52 | Loss: 6.9165 | lr: 1.00e-03 | Best_PSNR: 27.56 in Epoch [29]
2022-03-31 19:22:32 |[212]solver.py   | Epoch:   41 | PSNR: 27.53 | Loss: 6.9194 | lr: 1.00e-03 | Best_PSNR: 27.56 in Epoch [29]
2022-03-31 19:38:40 |[212]solver.py   | Epoch:   42 | PSNR: 27.56 | Loss: 6.9092 | lr: 1.00e-03 | Best_PSNR: 27.56 in Epoch [42]
2022-03-31 19:54:46 |[212]solver.py   | Epoch:   43 | PSNR: 27.52 | Loss: 6.9189 | lr: 1.00e-03 | Best_PSNR: 27.56 in Epoch [42]
2022-03-31 20:10:52 |[212]solver.py   | Epoch:   44 | PSNR: 27.52 | Loss: 6.9040 | lr: 1.00e-03 | Best_PSNR: 27.56 in Epoch [42]
2022-03-31 20:26:59 |[212]solver.py   | Epoch:   45 | PSNR: 27.53 | Loss: 6.9241 | lr: 1.00e-03 | Best_PSNR: 27.56 in Epoch [42]
2022-03-31 20:43:04 |[212]solver.py   | Epoch:   46 | PSNR: 27.50 | Loss: 6.9312 | lr: 1.00e-03 | Best_PSNR: 27.56 in Epoch [42]
2022-03-31 20:59:11 |[212]solver.py   | Epoch:   47 | PSNR: 27.53 | Loss: 6.9081 | lr: 1.00e-03 | Best_PSNR: 27.56 in Epoch [42]
2022-03-31 21:15:14 |[212]solver.py   | Epoch:   48 | PSNR: 27.56 | Loss: 6.9117 | lr: 1.00e-03 | Best_PSNR: 27.56 in Epoch [42]
2022-03-31 21:31:19 |[212]solver.py   | Epoch:   49 | PSNR: 27.52 | Loss: 6.9067 | lr: 1.00e-03 | Best_PSNR: 27.56 in Epoch [42]
2022-03-31 21:47:24 |[212]solver.py   | Epoch:   50 | PSNR: 27.55 | Loss: 6.9086 | lr: 1.00e-03 | Best_PSNR: 27.56 in Epoch [42]
2022-03-31 22:03:29 |[212]solver.py   | Epoch:   51 | PSNR: 27.53 | Loss: 6.9081 | lr: 1.00e-03 | Best_PSNR: 27.56 in Epoch [42]
2022-03-31 22:19:36 |[212]solver.py   | Epoch:   52 | PSNR: 27.57 | Loss: 6.9060 | lr: 1.00e-03 | Best_PSNR: 27.57 in Epoch [52]
2022-03-31 22:35:44 |[212]solver.py   | Epoch:   53 | PSNR: 27.41 | Loss: 6.9205 | lr: 1.00e-03 | Best_PSNR: 27.57 in Epoch [52]
2022-03-31 22:51:51 |[212]solver.py   | Epoch:   54 | PSNR: 27.53 | Loss: 6.9011 | lr: 1.00e-03 | Best_PSNR: 27.57 in Epoch [52]
2022-03-31 23:07:59 |[212]solver.py   | Epoch:   55 | PSNR: 27.49 | Loss: 6.9174 | lr: 1.00e-03 | Best_PSNR: 27.57 in Epoch [52]
2022-03-31 23:24:07 |[212]solver.py   | Epoch:   56 | PSNR: 27.56 | Loss: 6.8980 | lr: 1.00e-03 | Best_PSNR: 27.57 in Epoch [52]
2022-03-31 23:40:14 |[212]solver.py   | Epoch:   57 | PSNR: 27.56 | Loss: 6.8948 | lr: 1.00e-03 | Best_PSNR: 27.57 in Epoch [52]
2022-03-31 23:56:21 |[212]solver.py   | Epoch:   58 | PSNR: 27.53 | Loss: 6.8921 | lr: 1.00e-03 | Best_PSNR: 27.57 in Epoch [52]
2022-04-01 00:12:30 |[212]solver.py   | Epoch:   59 | PSNR: 27.58 | Loss: 6.8909 | lr: 1.00e-03 | Best_PSNR: 27.58 in Epoch [59]
2022-04-01 00:28:36 |[212]solver.py   | Epoch:   60 | PSNR: 27.56 | Loss: 6.9177 | lr: 1.00e-03 | Best_PSNR: 27.58 in Epoch [59]
2022-04-01 00:44:43 |[212]solver.py   | Epoch:   61 | PSNR: 27.50 | Loss: 6.9007 | lr: 1.00e-03 | Best_PSNR: 27.58 in Epoch [59]
2022-04-01 01:00:49 |[212]solver.py   | Epoch:   62 | PSNR: 27.55 | Loss: 6.9076 | lr: 1.00e-03 | Best_PSNR: 27.58 in Epoch [59]
2022-04-01 01:16:55 |[212]solver.py   | Epoch:   63 | PSNR: 27.55 | Loss: 6.9017 | lr: 1.00e-03 | Best_PSNR: 27.58 in Epoch [59]
2022-04-01 01:33:02 |[212]solver.py   | Epoch:   64 | PSNR: 27.53 | Loss: 6.9093 | lr: 1.00e-03 | Best_PSNR: 27.58 in Epoch [59]
2022-04-01 01:49:09 |[212]solver.py   | Epoch:   65 | PSNR: 27.53 | Loss: 6.9080 | lr: 1.00e-03 | Best_PSNR: 27.58 in Epoch [59]
2022-04-01 02:05:17 |[212]solver.py   | Epoch:   66 | PSNR: 27.50 | Loss: 6.9102 | lr: 1.00e-03 | Best_PSNR: 27.58 in Epoch [59]
2022-04-01 02:21:26 |[212]solver.py   | Epoch:   67 | PSNR: 27.56 | Loss: 6.8945 | lr: 1.00e-03 | Best_PSNR: 27.58 in Epoch [59]
2022-04-01 02:37:35 |[212]solver.py   | Epoch:   68 | PSNR: 27.57 | Loss: 6.9152 | lr: 1.00e-03 | Best_PSNR: 27.58 in Epoch [59]
2022-04-01 02:53:33 |[212]solver.py   | Epoch:   69 | PSNR: 27.48 | Loss: 6.8922 | lr: 1.00e-03 | Best_PSNR: 27.58 in Epoch [59]
2022-04-01 03:09:39 |[212]solver.py   | Epoch:   70 | PSNR: 27.50 | Loss: 6.9034 | lr: 1.00e-03 | Best_PSNR: 27.58 in Epoch [59]
2022-04-01 03:25:44 |[212]solver.py   | Epoch:   71 | PSNR: 27.54 | Loss: 6.8905 | lr: 1.00e-03 | Best_PSNR: 27.58 in Epoch [59]
2022-04-01 03:41:43 |[212]solver.py   | Epoch:   72 | PSNR: 27.53 | Loss: 6.9144 | lr: 1.00e-03 | Best_PSNR: 27.58 in Epoch [59]
2022-04-01 03:57:44 |[212]solver.py   | Epoch:   73 | PSNR: 27.58 | Loss: 6.9116 | lr: 1.00e-03 | Best_PSNR: 27.58 in Epoch [73]
2022-04-01 04:13:49 |[212]solver.py   | Epoch:   74 | PSNR: 27.58 | Loss: 6.9111 | lr: 1.00e-03 | Best_PSNR: 27.58 in Epoch [74]
2022-04-01 04:29:50 |[212]solver.py   | Epoch:   75 | PSNR: 27.53 | Loss: 6.8922 | lr: 1.00e-03 | Best_PSNR: 27.58 in Epoch [74]
2022-04-01 04:45:49 |[212]solver.py   | Epoch:   76 | PSNR: 27.58 | Loss: 6.9178 | lr: 1.00e-03 | Best_PSNR: 27.58 in Epoch [74]
2022-04-01 05:01:48 |[212]solver.py   | Epoch:   77 | PSNR: 27.52 | Loss: 6.8962 | lr: 1.00e-03 | Best_PSNR: 27.58 in Epoch [74]
2022-04-01 05:17:52 |[212]solver.py   | Epoch:   78 | PSNR: 27.53 | Loss: 6.9095 | lr: 1.00e-03 | Best_PSNR: 27.58 in Epoch [74]
2022-04-01 05:33:51 |[212]solver.py   | Epoch:   79 | PSNR: 27.56 | Loss: 6.9126 | lr: 1.00e-03 | Best_PSNR: 27.58 in Epoch [74]
2022-04-01 05:49:49 |[212]solver.py   | Epoch:   80 | PSNR: 27.55 | Loss: 6.9145 | lr: 1.00e-03 | Best_PSNR: 27.58 in Epoch [74]
2022-04-01 06:05:47 |[212]solver.py   | Epoch:   81 | PSNR: 27.56 | Loss: 6.9072 | lr: 1.00e-03 | Best_PSNR: 27.58 in Epoch [74]
2022-04-01 06:21:51 |[212]solver.py   | Epoch:   82 | PSNR: 27.47 | Loss: 6.9183 | lr: 1.00e-03 | Best_PSNR: 27.58 in Epoch [74]
2022-04-01 06:37:50 |[212]solver.py   | Epoch:   83 | PSNR: 27.57 | Loss: 6.9029 | lr: 1.00e-03 | Best_PSNR: 27.58 in Epoch [74]
2022-04-01 06:53:46 |[212]solver.py   | Epoch:   84 | PSNR: 27.58 | Loss: 6.9248 | lr: 1.00e-03 | Best_PSNR: 27.58 in Epoch [74]
2022-04-01 07:09:44 |[212]solver.py   | Epoch:   85 | PSNR: 27.55 | Loss: 6.9124 | lr: 1.00e-03 | Best_PSNR: 27.58 in Epoch [74]
2022-04-01 07:25:48 |[212]solver.py   | Epoch:   86 | PSNR: 27.51 | Loss: 6.9172 | lr: 1.00e-03 | Best_PSNR: 27.58 in Epoch [74]
2022-04-01 07:41:46 |[212]solver.py   | Epoch:   87 | PSNR: 27.52 | Loss: 6.8864 | lr: 1.00e-03 | Best_PSNR: 27.58 in Epoch [74]
2022-04-01 07:57:52 |[212]solver.py   | Epoch:   88 | PSNR: 27.59 | Loss: 6.9156 | lr: 1.00e-03 | Best_PSNR: 27.59 in Epoch [88]
2022-04-01 08:13:53 |[212]solver.py   | Epoch:   89 | PSNR: 27.45 | Loss: 6.9111 | lr: 1.00e-03 | Best_PSNR: 27.59 in Epoch [88]
2022-04-01 08:29:53 |[212]solver.py   | Epoch:   90 | PSNR: 27.57 | Loss: 6.9026 | lr: 1.00e-03 | Best_PSNR: 27.59 in Epoch [88]
2022-04-01 08:46:00 |[212]solver.py   | Epoch:   91 | PSNR: 27.48 | Loss: 6.8894 | lr: 1.00e-03 | Best_PSNR: 27.59 in Epoch [88]
2022-04-01 09:02:08 |[212]solver.py   | Epoch:   92 | PSNR: 27.44 | Loss: 6.8941 | lr: 1.00e-03 | Best_PSNR: 27.59 in Epoch [88]
2022-04-01 09:18:17 |[212]solver.py   | Epoch:   93 | PSNR: 27.55 | Loss: 6.9223 | lr: 1.00e-03 | Best_PSNR: 27.59 in Epoch [88]
2022-04-01 09:34:25 |[212]solver.py   | Epoch:   94 | PSNR: 27.52 | Loss: 6.9034 | lr: 1.00e-03 | Best_PSNR: 27.59 in Epoch [88]
2022-04-01 09:50:32 |[212]solver.py   | Epoch:   95 | PSNR: 27.54 | Loss: 6.8928 | lr: 1.00e-03 | Best_PSNR: 27.59 in Epoch [88]
2022-04-01 10:06:41 |[212]solver.py   | Epoch:   96 | PSNR: 27.52 | Loss: 6.9049 | lr: 1.00e-03 | Best_PSNR: 27.59 in Epoch [88]
2022-04-01 10:22:48 |[212]solver.py   | Epoch:   97 | PSNR: 27.51 | Loss: 6.8983 | lr: 1.00e-03 | Best_PSNR: 27.59 in Epoch [88]
2022-04-01 10:38:55 |[212]solver.py   | Epoch:   98 | PSNR: 27.52 | Loss: 6.8782 | lr: 1.00e-03 | Best_PSNR: 27.59 in Epoch [88]
2022-04-01 10:55:05 |[212]solver.py   | Epoch:   99 | PSNR: 27.39 | Loss: 6.9177 | lr: 1.00e-03 | Best_PSNR: 27.59 in Epoch [88]
