2022-04-04 04:13:37 |[048]options.py  | Create directory: ./experiment
2022-04-04 04:13:37 |[048]options.py  | Create directory: ./experiment/qsrm_x4_mixed
2022-04-04 04:13:37 |[048]options.py  | Create directory: ./experiment/qsrm_x4_mixed/best_status
2022-04-04 04:13:37 |[048]options.py  | Create directory: ./experiment/qsrm_x4_mixed/visual
2022-04-04 04:13:37 |[057]options.py  | Available gpu: 0
2022-04-04 04:13:37 |[048]train.py    | Create train dataset successfully!
2022-04-04 04:13:37 |[049]train.py    | Training: [10093] iterations for each epoch
2022-04-04 04:13:37 |[052]train.py    | Create val dataset successfully!
2022-04-04 04:13:37 |[053]train.py    | Validating: [898] iterations for each epoch
2022-04-04 04:13:37 |[056]train.py    | Preparing for experiment: [qsrm_x4_mixed]
2022-04-04 04:13:38 |[117]solver.py   | Create model successfully! Params: [62.05]K
2022-04-04 04:13:38 |[060]train.py    | Start training...
2022-04-04 04:29:33 |[215]solver.py   | Epoch:    0 | PSNR: 26.77 | Loss: 21.0492 | Best_PSNR: 26.77 in Epoch [0]
2022-04-04 04:45:25 |[215]solver.py   | Epoch:    1 | PSNR: 26.92 | Loss: 20.1091 | Best_PSNR: 26.92 in Epoch [1]
2022-04-04 05:01:16 |[215]solver.py   | Epoch:    2 | PSNR: 26.94 | Loss: 19.9560 | Best_PSNR: 26.94 in Epoch [2]
2022-04-04 05:17:06 |[215]solver.py   | Epoch:    3 | PSNR: 26.94 | Loss: 19.8290 | Best_PSNR: 26.94 in Epoch [2]
2022-04-04 05:32:57 |[215]solver.py   | Epoch:    4 | PSNR: 26.96 | Loss: 19.7282 | Best_PSNR: 26.96 in Epoch [4]
2022-04-04 05:48:47 |[215]solver.py   | Epoch:    5 | PSNR: 26.97 | Loss: 19.6904 | Best_PSNR: 26.97 in Epoch [5]
2022-04-04 06:04:37 |[215]solver.py   | Epoch:    6 | PSNR: 26.98 | Loss: 19.6524 | Best_PSNR: 26.98 in Epoch [6]
2022-04-04 06:20:30 |[215]solver.py   | Epoch:    7 | PSNR: 27.01 | Loss: 19.6884 | Best_PSNR: 27.01 in Epoch [7]
2022-04-04 06:36:24 |[215]solver.py   | Epoch:    8 | PSNR: 26.94 | Loss: 19.6025 | Best_PSNR: 27.01 in Epoch [7]
2022-04-04 06:52:16 |[215]solver.py   | Epoch:    9 | PSNR: 27.03 | Loss: 19.5743 | Best_PSNR: 27.03 in Epoch [9]
2022-04-04 07:08:07 |[215]solver.py   | Epoch:   10 | PSNR: 27.04 | Loss: 19.5309 | Best_PSNR: 27.04 in Epoch [10]
2022-04-04 07:24:06 |[215]solver.py   | Epoch:   11 | PSNR: 27.01 | Loss: 19.5319 | Best_PSNR: 27.04 in Epoch [10]
2022-04-04 07:40:02 |[215]solver.py   | Epoch:   12 | PSNR: 27.00 | Loss: 19.4927 | Best_PSNR: 27.04 in Epoch [10]
2022-04-04 07:56:00 |[215]solver.py   | Epoch:   13 | PSNR: 27.03 | Loss: 19.4997 | Best_PSNR: 27.04 in Epoch [10]
2022-04-04 08:11:59 |[215]solver.py   | Epoch:   14 | PSNR: 27.04 | Loss: 19.4933 | Best_PSNR: 27.04 in Epoch [10]
2022-04-04 08:27:52 |[215]solver.py   | Epoch:   15 | PSNR: 27.02 | Loss: 19.5055 | Best_PSNR: 27.04 in Epoch [10]
2022-04-04 08:43:51 |[215]solver.py   | Epoch:   16 | PSNR: 26.99 | Loss: 19.5093 | Best_PSNR: 27.04 in Epoch [10]
2022-04-04 08:59:49 |[215]solver.py   | Epoch:   17 | PSNR: 27.06 | Loss: 19.4610 | Best_PSNR: 27.06 in Epoch [17]
2022-04-04 09:15:47 |[215]solver.py   | Epoch:   18 | PSNR: 27.04 | Loss: 19.4803 | Best_PSNR: 27.06 in Epoch [17]
2022-04-04 09:31:44 |[215]solver.py   | Epoch:   19 | PSNR: 27.03 | Loss: 19.5182 | Best_PSNR: 27.06 in Epoch [17]
2022-04-04 09:47:43 |[215]solver.py   | Epoch:   20 | PSNR: 27.04 | Loss: 19.4404 | Best_PSNR: 27.06 in Epoch [17]
2022-04-04 10:03:41 |[215]solver.py   | Epoch:   21 | PSNR: 27.02 | Loss: 19.4882 | Best_PSNR: 27.06 in Epoch [17]
2022-04-04 10:19:38 |[215]solver.py   | Epoch:   22 | PSNR: 26.95 | Loss: 19.4593 | Best_PSNR: 27.06 in Epoch [17]
2022-04-04 10:35:28 |[215]solver.py   | Epoch:   23 | PSNR: 26.99 | Loss: 19.4726 | Best_PSNR: 27.06 in Epoch [17]
2022-04-04 10:51:25 |[215]solver.py   | Epoch:   24 | PSNR: 27.04 | Loss: 19.4694 | Best_PSNR: 27.06 in Epoch [17]
2022-04-04 11:07:24 |[215]solver.py   | Epoch:   25 | PSNR: 27.04 | Loss: 19.4589 | Best_PSNR: 27.06 in Epoch [17]
2022-04-04 11:23:23 |[215]solver.py   | Epoch:   26 | PSNR: 27.01 | Loss: 19.4353 | Best_PSNR: 27.06 in Epoch [17]
2022-04-04 11:39:21 |[215]solver.py   | Epoch:   27 | PSNR: 27.03 | Loss: 19.4359 | Best_PSNR: 27.06 in Epoch [17]
2022-04-04 11:55:20 |[215]solver.py   | Epoch:   28 | PSNR: 26.97 | Loss: 19.4081 | Best_PSNR: 27.06 in Epoch [17]
2022-04-04 12:11:16 |[215]solver.py   | Epoch:   29 | PSNR: 27.03 | Loss: 19.4823 | Best_PSNR: 27.06 in Epoch [17]
2022-04-04 12:27:12 |[215]solver.py   | Epoch:   30 | PSNR: 27.00 | Loss: 19.3864 | Best_PSNR: 27.06 in Epoch [17]
2022-04-04 12:43:12 |[215]solver.py   | Epoch:   31 | PSNR: 27.06 | Loss: 19.4270 | Best_PSNR: 27.06 in Epoch [17]
2022-04-04 12:59:11 |[215]solver.py   | Epoch:   32 | PSNR: 27.04 | Loss: 19.4499 | Best_PSNR: 27.06 in Epoch [17]
2022-04-04 13:15:11 |[215]solver.py   | Epoch:   33 | PSNR: 27.01 | Loss: 19.4525 | Best_PSNR: 27.06 in Epoch [17]
2022-04-04 13:31:10 |[215]solver.py   | Epoch:   34 | PSNR: 26.97 | Loss: 19.4694 | Best_PSNR: 27.06 in Epoch [17]
2022-04-04 13:47:08 |[215]solver.py   | Epoch:   35 | PSNR: 26.99 | Loss: 19.4031 | Best_PSNR: 27.06 in Epoch [17]
2022-04-04 14:03:05 |[215]solver.py   | Epoch:   36 | PSNR: 27.08 | Loss: 19.4197 | Best_PSNR: 27.08 in Epoch [36]
2022-04-04 14:19:03 |[215]solver.py   | Epoch:   37 | PSNR: 27.04 | Loss: 19.4006 | Best_PSNR: 27.08 in Epoch [36]
2022-04-04 14:35:01 |[215]solver.py   | Epoch:   38 | PSNR: 27.07 | Loss: 19.4163 | Best_PSNR: 27.08 in Epoch [36]
2022-04-04 14:50:58 |[215]solver.py   | Epoch:   39 | PSNR: 27.01 | Loss: 19.4600 | Best_PSNR: 27.08 in Epoch [36]
2022-04-04 15:06:55 |[215]solver.py   | Epoch:   40 | PSNR: 27.06 | Loss: 19.4231 | Best_PSNR: 27.08 in Epoch [36]
2022-04-04 15:22:49 |[215]solver.py   | Epoch:   41 | PSNR: 27.05 | Loss: 19.3723 | Best_PSNR: 27.08 in Epoch [36]
2022-04-04 15:38:47 |[215]solver.py   | Epoch:   42 | PSNR: 27.05 | Loss: 19.4418 | Best_PSNR: 27.08 in Epoch [36]
2022-04-04 15:54:45 |[215]solver.py   | Epoch:   43 | PSNR: 27.03 | Loss: 19.4100 | Best_PSNR: 27.08 in Epoch [36]
2022-04-04 16:10:40 |[215]solver.py   | Epoch:   44 | PSNR: 27.03 | Loss: 19.4212 | Best_PSNR: 27.08 in Epoch [36]
2022-04-04 16:26:36 |[215]solver.py   | Epoch:   45 | PSNR: 27.06 | Loss: 19.4544 | Best_PSNR: 27.08 in Epoch [36]
2022-04-04 16:42:30 |[215]solver.py   | Epoch:   46 | PSNR: 27.05 | Loss: 19.4662 | Best_PSNR: 27.08 in Epoch [36]
2022-04-04 16:58:27 |[215]solver.py   | Epoch:   47 | PSNR: 27.05 | Loss: 19.4081 | Best_PSNR: 27.08 in Epoch [36]
2022-04-04 17:14:21 |[215]solver.py   | Epoch:   48 | PSNR: 27.01 | Loss: 19.4105 | Best_PSNR: 27.08 in Epoch [36]
2022-04-04 17:30:17 |[215]solver.py   | Epoch:   49 | PSNR: 26.98 | Loss: 19.3971 | Best_PSNR: 27.08 in Epoch [36]
2022-04-04 17:46:11 |[215]solver.py   | Epoch:   50 | PSNR: 27.11 | Loss: 19.1829 | Best_PSNR: 27.11 in Epoch [50]
2022-04-04 18:02:07 |[215]solver.py   | Epoch:   51 | PSNR: 27.12 | Loss: 19.1297 | Best_PSNR: 27.12 in Epoch [51]
2022-04-04 18:18:04 |[215]solver.py   | Epoch:   52 | PSNR: 27.07 | Loss: 19.1109 | Best_PSNR: 27.12 in Epoch [51]
2022-04-04 18:33:56 |[215]solver.py   | Epoch:   53 | PSNR: 27.12 | Loss: 19.1544 | Best_PSNR: 27.12 in Epoch [53]
2022-04-04 18:49:53 |[215]solver.py   | Epoch:   54 | PSNR: 27.13 | Loss: 19.1240 | Best_PSNR: 27.13 in Epoch [54]
2022-04-04 19:05:51 |[215]solver.py   | Epoch:   55 | PSNR: 27.12 | Loss: 19.1009 | Best_PSNR: 27.13 in Epoch [54]
2022-04-04 19:21:44 |[215]solver.py   | Epoch:   56 | PSNR: 27.11 | Loss: 19.1195 | Best_PSNR: 27.13 in Epoch [54]
2022-04-04 19:37:42 |[215]solver.py   | Epoch:   57 | PSNR: 27.12 | Loss: 19.1600 | Best_PSNR: 27.13 in Epoch [54]
2022-04-04 19:53:38 |[215]solver.py   | Epoch:   58 | PSNR: 27.15 | Loss: 19.0831 | Best_PSNR: 27.15 in Epoch [58]
2022-04-04 20:09:34 |[215]solver.py   | Epoch:   59 | PSNR: 27.11 | Loss: 19.1113 | Best_PSNR: 27.15 in Epoch [58]
2022-04-04 20:25:27 |[215]solver.py   | Epoch:   60 | PSNR: 27.13 | Loss: 19.1174 | Best_PSNR: 27.15 in Epoch [58]
2022-04-04 20:41:23 |[215]solver.py   | Epoch:   61 | PSNR: 27.13 | Loss: 19.0960 | Best_PSNR: 27.15 in Epoch [58]
2022-04-04 20:57:21 |[215]solver.py   | Epoch:   62 | PSNR: 27.14 | Loss: 19.0708 | Best_PSNR: 27.15 in Epoch [58]
2022-04-04 21:13:19 |[215]solver.py   | Epoch:   63 | PSNR: 27.15 | Loss: 19.1123 | Best_PSNR: 27.15 in Epoch [63]
2022-04-04 21:29:18 |[215]solver.py   | Epoch:   64 | PSNR: 27.11 | Loss: 19.0998 | Best_PSNR: 27.15 in Epoch [63]
2022-04-04 21:45:16 |[215]solver.py   | Epoch:   65 | PSNR: 27.09 | Loss: 19.0520 | Best_PSNR: 27.15 in Epoch [63]
2022-04-04 22:01:14 |[215]solver.py   | Epoch:   66 | PSNR: 27.11 | Loss: 19.0828 | Best_PSNR: 27.15 in Epoch [63]
2022-04-04 22:17:12 |[215]solver.py   | Epoch:   67 | PSNR: 27.10 | Loss: 19.0902 | Best_PSNR: 27.15 in Epoch [63]
2022-04-04 22:33:10 |[215]solver.py   | Epoch:   68 | PSNR: 27.13 | Loss: 19.0633 | Best_PSNR: 27.15 in Epoch [63]
2022-04-04 22:49:08 |[215]solver.py   | Epoch:   69 | PSNR: 27.14 | Loss: 19.0821 | Best_PSNR: 27.15 in Epoch [63]
2022-04-04 23:05:07 |[215]solver.py   | Epoch:   70 | PSNR: 27.15 | Loss: 19.0402 | Best_PSNR: 27.15 in Epoch [63]
2022-04-04 23:21:05 |[215]solver.py   | Epoch:   71 | PSNR: 27.11 | Loss: 19.0499 | Best_PSNR: 27.15 in Epoch [63]
2022-04-04 23:37:02 |[215]solver.py   | Epoch:   72 | PSNR: 27.13 | Loss: 19.0761 | Best_PSNR: 27.15 in Epoch [63]
2022-04-04 23:53:01 |[215]solver.py   | Epoch:   73 | PSNR: 27.13 | Loss: 19.0681 | Best_PSNR: 27.15 in Epoch [63]
2022-04-05 00:08:59 |[215]solver.py   | Epoch:   74 | PSNR: 27.15 | Loss: 19.0418 | Best_PSNR: 27.15 in Epoch [63]
2022-04-05 00:24:56 |[215]solver.py   | Epoch:   75 | PSNR: 27.12 | Loss: 19.0538 | Best_PSNR: 27.15 in Epoch [63]
2022-04-05 00:40:54 |[215]solver.py   | Epoch:   76 | PSNR: 27.12 | Loss: 19.1106 | Best_PSNR: 27.15 in Epoch [63]
2022-04-05 00:56:52 |[215]solver.py   | Epoch:   77 | PSNR: 27.12 | Loss: 19.0098 | Best_PSNR: 27.15 in Epoch [63]
2022-04-05 01:12:51 |[215]solver.py   | Epoch:   78 | PSNR: 27.09 | Loss: 19.0639 | Best_PSNR: 27.15 in Epoch [63]
2022-04-05 01:28:48 |[215]solver.py   | Epoch:   79 | PSNR: 27.14 | Loss: 19.0501 | Best_PSNR: 27.15 in Epoch [63]
2022-04-05 01:44:46 |[215]solver.py   | Epoch:   80 | PSNR: 27.15 | Loss: 19.1154 | Best_PSNR: 27.15 in Epoch [63]
2022-04-05 02:00:42 |[215]solver.py   | Epoch:   81 | PSNR: 27.16 | Loss: 19.0670 | Best_PSNR: 27.16 in Epoch [81]
2022-04-05 02:16:39 |[215]solver.py   | Epoch:   82 | PSNR: 27.13 | Loss: 19.0271 | Best_PSNR: 27.16 in Epoch [81]
2022-04-05 02:32:36 |[215]solver.py   | Epoch:   83 | PSNR: 27.12 | Loss: 19.0566 | Best_PSNR: 27.16 in Epoch [81]
2022-04-05 02:48:35 |[215]solver.py   | Epoch:   84 | PSNR: 27.11 | Loss: 19.0262 | Best_PSNR: 27.16 in Epoch [81]
2022-04-05 03:04:33 |[215]solver.py   | Epoch:   85 | PSNR: 27.13 | Loss: 19.0828 | Best_PSNR: 27.16 in Epoch [81]
2022-04-05 03:20:32 |[215]solver.py   | Epoch:   86 | PSNR: 27.11 | Loss: 19.0659 | Best_PSNR: 27.16 in Epoch [81]
2022-04-05 03:36:28 |[215]solver.py   | Epoch:   87 | PSNR: 27.14 | Loss: 19.0411 | Best_PSNR: 27.16 in Epoch [81]
2022-04-05 03:52:28 |[215]solver.py   | Epoch:   88 | PSNR: 27.10 | Loss: 19.0302 | Best_PSNR: 27.16 in Epoch [81]
2022-04-05 04:08:25 |[215]solver.py   | Epoch:   89 | PSNR: 27.12 | Loss: 19.0129 | Best_PSNR: 27.16 in Epoch [81]
2022-04-05 04:24:21 |[215]solver.py   | Epoch:   90 | PSNR: 27.09 | Loss: 19.0128 | Best_PSNR: 27.16 in Epoch [81]
2022-04-05 04:40:15 |[215]solver.py   | Epoch:   91 | PSNR: 27.14 | Loss: 18.9902 | Best_PSNR: 27.16 in Epoch [81]
2022-04-05 04:56:08 |[215]solver.py   | Epoch:   92 | PSNR: 27.14 | Loss: 19.0591 | Best_PSNR: 27.16 in Epoch [81]
2022-04-05 05:12:02 |[215]solver.py   | Epoch:   93 | PSNR: 27.16 | Loss: 19.0475 | Best_PSNR: 27.16 in Epoch [93]
2022-04-05 05:27:58 |[215]solver.py   | Epoch:   94 | PSNR: 27.16 | Loss: 19.0014 | Best_PSNR: 27.16 in Epoch [93]
2022-04-05 05:43:56 |[215]solver.py   | Epoch:   95 | PSNR: 27.14 | Loss: 19.0768 | Best_PSNR: 27.16 in Epoch [93]
2022-04-05 05:59:53 |[215]solver.py   | Epoch:   96 | PSNR: 27.16 | Loss: 19.0805 | Best_PSNR: 27.16 in Epoch [93]
2022-04-05 06:15:52 |[215]solver.py   | Epoch:   97 | PSNR: 27.13 | Loss: 18.9723 | Best_PSNR: 27.16 in Epoch [93]
2022-04-05 06:31:50 |[215]solver.py   | Epoch:   98 | PSNR: 27.13 | Loss: 18.9877 | Best_PSNR: 27.16 in Epoch [93]
2022-04-05 06:47:45 |[215]solver.py   | Epoch:   99 | PSNR: 27.11 | Loss: 19.0148 | Best_PSNR: 27.16 in Epoch [93]
2022-04-05 07:03:41 |[215]solver.py   | Epoch:  100 | PSNR: 27.17 | Loss: 18.9220 | Best_PSNR: 27.17 in Epoch [100]
2022-04-05 07:19:37 |[215]solver.py   | Epoch:  101 | PSNR: 27.19 | Loss: 18.8252 | Best_PSNR: 27.19 in Epoch [101]
2022-04-05 07:35:35 |[215]solver.py   | Epoch:  102 | PSNR: 27.17 | Loss: 18.8676 | Best_PSNR: 27.19 in Epoch [101]
2022-04-05 07:51:31 |[215]solver.py   | Epoch:  103 | PSNR: 27.17 | Loss: 18.8996 | Best_PSNR: 27.19 in Epoch [101]
2022-04-05 08:07:28 |[215]solver.py   | Epoch:  104 | PSNR: 27.19 | Loss: 18.8546 | Best_PSNR: 27.19 in Epoch [104]
2022-04-05 08:23:25 |[215]solver.py   | Epoch:  105 | PSNR: 27.19 | Loss: 18.9004 | Best_PSNR: 27.19 in Epoch [105]
2022-04-05 08:39:23 |[215]solver.py   | Epoch:  106 | PSNR: 27.19 | Loss: 18.9054 | Best_PSNR: 27.19 in Epoch [105]
2022-04-05 08:55:15 |[215]solver.py   | Epoch:  107 | PSNR: 27.19 | Loss: 18.8671 | Best_PSNR: 27.19 in Epoch [105]
2022-04-05 09:11:07 |[215]solver.py   | Epoch:  108 | PSNR: 27.20 | Loss: 18.7945 | Best_PSNR: 27.20 in Epoch [108]
2022-04-05 09:27:01 |[215]solver.py   | Epoch:  109 | PSNR: 27.20 | Loss: 18.8210 | Best_PSNR: 27.20 in Epoch [109]
2022-04-05 09:42:54 |[215]solver.py   | Epoch:  110 | PSNR: 27.14 | Loss: 18.8200 | Best_PSNR: 27.20 in Epoch [109]
2022-04-05 09:58:50 |[215]solver.py   | Epoch:  111 | PSNR: 27.18 | Loss: 18.8079 | Best_PSNR: 27.20 in Epoch [109]
2022-04-05 10:14:48 |[215]solver.py   | Epoch:  112 | PSNR: 27.17 | Loss: 18.8003 | Best_PSNR: 27.20 in Epoch [109]
2022-04-05 10:30:46 |[215]solver.py   | Epoch:  113 | PSNR: 27.19 | Loss: 18.8290 | Best_PSNR: 27.20 in Epoch [109]
2022-04-05 10:46:41 |[215]solver.py   | Epoch:  114 | PSNR: 27.17 | Loss: 18.8145 | Best_PSNR: 27.20 in Epoch [109]
2022-04-05 11:02:40 |[215]solver.py   | Epoch:  115 | PSNR: 27.19 | Loss: 18.8616 | Best_PSNR: 27.20 in Epoch [109]
2022-04-05 11:18:36 |[215]solver.py   | Epoch:  116 | PSNR: 27.19 | Loss: 18.8460 | Best_PSNR: 27.20 in Epoch [109]
2022-04-05 11:34:34 |[215]solver.py   | Epoch:  117 | PSNR: 27.20 | Loss: 18.7955 | Best_PSNR: 27.20 in Epoch [109]
2022-04-05 11:50:34 |[215]solver.py   | Epoch:  118 | PSNR: 27.18 | Loss: 18.8508 | Best_PSNR: 27.20 in Epoch [109]
2022-04-05 12:06:32 |[215]solver.py   | Epoch:  119 | PSNR: 27.19 | Loss: 18.8278 | Best_PSNR: 27.20 in Epoch [109]
2022-04-05 12:22:30 |[215]solver.py   | Epoch:  120 | PSNR: 27.19 | Loss: 18.8239 | Best_PSNR: 27.20 in Epoch [109]
2022-04-05 12:38:27 |[215]solver.py   | Epoch:  121 | PSNR: 27.18 | Loss: 18.8524 | Best_PSNR: 27.20 in Epoch [109]
2022-04-05 12:54:26 |[215]solver.py   | Epoch:  122 | PSNR: 27.19 | Loss: 18.8098 | Best_PSNR: 27.20 in Epoch [109]
2022-04-05 13:10:25 |[215]solver.py   | Epoch:  123 | PSNR: 27.19 | Loss: 18.8466 | Best_PSNR: 27.20 in Epoch [109]
2022-04-05 13:26:22 |[215]solver.py   | Epoch:  124 | PSNR: 27.17 | Loss: 18.7913 | Best_PSNR: 27.20 in Epoch [109]
2022-04-05 13:42:20 |[215]solver.py   | Epoch:  125 | PSNR: 27.20 | Loss: 18.8584 | Best_PSNR: 27.20 in Epoch [125]
2022-04-05 13:58:19 |[215]solver.py   | Epoch:  126 | PSNR: 27.19 | Loss: 18.7801 | Best_PSNR: 27.20 in Epoch [125]
2022-04-05 14:14:16 |[215]solver.py   | Epoch:  127 | PSNR: 27.22 | Loss: 18.8372 | Best_PSNR: 27.22 in Epoch [127]
2022-04-05 14:30:14 |[215]solver.py   | Epoch:  128 | PSNR: 27.19 | Loss: 18.7910 | Best_PSNR: 27.22 in Epoch [127]
2022-04-05 14:46:13 |[215]solver.py   | Epoch:  129 | PSNR: 27.19 | Loss: 18.8292 | Best_PSNR: 27.22 in Epoch [127]
2022-04-05 15:02:07 |[215]solver.py   | Epoch:  130 | PSNR: 27.21 | Loss: 18.8535 | Best_PSNR: 27.22 in Epoch [127]
2022-04-05 15:18:04 |[215]solver.py   | Epoch:  131 | PSNR: 27.21 | Loss: 18.8321 | Best_PSNR: 27.22 in Epoch [127]
2022-04-05 15:34:03 |[215]solver.py   | Epoch:  132 | PSNR: 27.19 | Loss: 18.8603 | Best_PSNR: 27.22 in Epoch [127]
2022-04-05 15:50:01 |[215]solver.py   | Epoch:  133 | PSNR: 27.15 | Loss: 18.8320 | Best_PSNR: 27.22 in Epoch [127]
2022-04-05 16:06:00 |[215]solver.py   | Epoch:  134 | PSNR: 27.22 | Loss: 18.8288 | Best_PSNR: 27.22 in Epoch [134]
2022-04-05 16:21:57 |[215]solver.py   | Epoch:  135 | PSNR: 27.18 | Loss: 18.8212 | Best_PSNR: 27.22 in Epoch [134]
2022-04-05 16:37:55 |[215]solver.py   | Epoch:  136 | PSNR: 27.19 | Loss: 18.7787 | Best_PSNR: 27.22 in Epoch [134]
2022-04-05 16:53:54 |[215]solver.py   | Epoch:  137 | PSNR: 27.21 | Loss: 18.8075 | Best_PSNR: 27.22 in Epoch [134]
2022-04-05 17:09:53 |[215]solver.py   | Epoch:  138 | PSNR: 27.20 | Loss: 18.8138 | Best_PSNR: 27.22 in Epoch [134]
2022-04-05 17:25:51 |[215]solver.py   | Epoch:  139 | PSNR: 27.15 | Loss: 18.8044 | Best_PSNR: 27.22 in Epoch [134]
2022-04-05 17:41:50 |[215]solver.py   | Epoch:  140 | PSNR: 27.17 | Loss: 18.8190 | Best_PSNR: 27.22 in Epoch [134]
2022-04-05 17:57:46 |[215]solver.py   | Epoch:  141 | PSNR: 27.19 | Loss: 18.8160 | Best_PSNR: 27.22 in Epoch [134]
2022-04-05 18:13:44 |[215]solver.py   | Epoch:  142 | PSNR: 27.19 | Loss: 18.7975 | Best_PSNR: 27.22 in Epoch [134]
2022-04-05 18:29:41 |[215]solver.py   | Epoch:  143 | PSNR: 27.18 | Loss: 18.7763 | Best_PSNR: 27.22 in Epoch [134]
2022-04-05 18:45:37 |[215]solver.py   | Epoch:  144 | PSNR: 27.17 | Loss: 18.8034 | Best_PSNR: 27.22 in Epoch [134]
2022-04-05 19:01:33 |[215]solver.py   | Epoch:  145 | PSNR: 27.19 | Loss: 18.7581 | Best_PSNR: 27.22 in Epoch [134]
2022-04-05 19:17:29 |[215]solver.py   | Epoch:  146 | PSNR: 27.20 | Loss: 18.8542 | Best_PSNR: 27.22 in Epoch [134]
2022-04-05 19:33:28 |[215]solver.py   | Epoch:  147 | PSNR: 27.19 | Loss: 18.8419 | Best_PSNR: 27.22 in Epoch [134]
2022-04-05 19:49:24 |[215]solver.py   | Epoch:  148 | PSNR: 27.19 | Loss: 18.8224 | Best_PSNR: 27.22 in Epoch [134]
2022-04-05 20:05:23 |[215]solver.py   | Epoch:  149 | PSNR: 27.20 | Loss: 18.8301 | Best_PSNR: 27.22 in Epoch [134]
